{"ts":"2026-06-14T19:25:33Z","agent":"Natalie","event":"no_landing_chain","data":{"from":"s009","to":"s008","bfs_err":"no connected path from s009 to s008 in 98 segments — run Build to regenerate map.json"}}
{"ts":"2026-06-14T19:25:33Z","agent":"Nora","event":"no_route","data":{"nora_id":"NORA_0004","from":"s009","to":"s008","err":"live-model BFS: _build_route_json error: undefined method `each' for nil:NilClass\n/Users/williamjames/Library/Applicatio"}}
{"ts":"2026-06-14T19:25:50Z","agent":"Natalie","event":"no_landing_chain","data":{"from":"s009","to":"s008","bfs_err":"no connected path from s009 to s008 in 98 segments — run Build to regenerate map.json"}}
{"ts":"2026-06-14T19:25:50Z","agent":"Nora","event":"no_route","data":{"nora_id":"NORA_0005","from":"s009","to":"s008","err":"live-model BFS: _build_route_json error: undefined method `each' for nil:NilClass\n/Users/williamjames/Library/Applicatio"}}
{"ts":"2026-06-14T19:25:55Z","agent":"Natalie","event":"no_landing_chain","data":{"from":"s008","to":"s009","bfs_err":"no connected path from s008 to s009 in 98 segments — run Build to regenerate map.json"}}
{"ts":"2026-06-14T19:25:55Z","agent":"Nora","event":"no_route","data":{"nora_id":"NORA_0004","from":"s008","to":"s009","err":"live-model BFS: _build_route_json error: undefined method `each' for nil:NilClass\n/Users/williamjames/Library/Applicatio"}}
{"ts":"2026-06-14T19:25:55Z","agent":"Natalie","event":"no_landing_chain","data":{"from":"s009","to":"s008","bfs_err":"no connected path from s009 to s008 in 98 segments — run Build to regenerate map.json"}}
{"ts":"2026-06-14T19:25:55Z","agent":"Nora","event":"no_route","data":{"nora_id":"NORA_0005","from":"s009","to":"s008","err":"live-model BFS: _build_route_json error: undefined method `each' for nil:NilClass\n/Users/williamjames/Library/Applicatio"}}
{"ts":"2026-06-14T19:25:58Z","agent":"Sally","event":"personal_space_violation","data":{"a":"NORA_0001","b":"NORA_0004","dist_mm":431,"min_mm":2500}}
{"ts":"2026-06-14T19:26:01Z","agent":"Natalie","event":"no_landing_chain","data":{"from":"s008","to":"s009","bfs_err":"no connected path from s008 to s009 in 98 segments — run Build to regenerate map.json"}}
{"ts":"2026-06-14T19:26:01Z","agent":"Nora","event":"no_route","data":{"nora_id":"NORA_0001","from":"s008","to":"s009","err":"live-model BFS: _build_route_json error: undefined method `each' for nil:NilClass\n/Users/williamjames/Library/Applicatio"}}
{"ts":"2026-06-14T19:26:02Z","agent":"Natalie","event":"no_landing_chain","data":{"from":"s009","to":"s008","bfs_err":"no connected path from s009 to s008 in 98 segments — run Build to regenerate map.json"}}
{"ts":"2026-06-14T19:26:02Z","agent":"Nora","event":"no_route","data":{"nora_id":"NORA_0002","from":"s009","to":"s008","err":"live-model BFS: _build_route_json error: undefined method `each' for nil:NilClass\n/Users/williamjames/Library/Applicatio"}}
{"ts":"2026-06-14T19:26:04Z","agent":"Natalie","event":"no_landing_chain","data":{"from":"s008","to":"s009","bfs_err":"no connected path from s008 to s009 in 98 segments — run Build to regenerate map.json"}}
{"ts":"2026-06-14T19:26:05Z","agent":"Nora","event":"no_route","data":{"nora_id":"NORA_0001","from":"s008","to":"s009","err":"live-model BFS: _build_route_json error: undefined method `each' for nil:NilClass\n/Users/williamjames/Library/Applicatio"}}
{"ts":"2026-06-14T19:26:09Z","agent":"Natalie","event":"no_landing_chain","data":{"from":"s008","to":"s009","bfs_err":"no connected path from s008 to s009 in 98 segments — run Build to regenerate map.json"}}
{"ts":"2026-06-14T19:26:09Z","agent":"Nora","event":"no_route","data":{"nora_id":"NORA_0001","from":"s008","to":"s009","err":"live-model BFS: _build_route_json error: undefined method `each' for nil:NilClass\n/Users/williamjames/Library/Applicatio"}}
{"ts":"2026-06-14T19:26:12Z","agent":"Natalie","event":"no_landing_chain","data":{"from":"s008","to":"s009","bfs_err":"no connected path from s008 to s009 in 98 segments — run Build to regenerate map.json"}}
{"ts":"2026-06-14T19:26:12Z","agent":"Nora","event":"no_route","data":{"nora_id":"NORA_0002","from":"s008","to":"s009","err":"live-model BFS: _build_route_json error: undefined method `each' for nil:NilClass\n/Users/williamjames/Library/Applicatio"}}
{"ts":"2026-06-14T19:26:15Z","agent":"Natalie","event":"no_landing_chain","data":{"from":"s009","to":"s008","bfs_err":"no connected path from s009 to s008 in 98 segments — run Build to regenerate map.json"}}
{"ts":"2026-06-14T19:26:15Z","agent":"Nora","event":"no_route","data":{"nora_id":"NORA_0005","from":"s009","to":"s008","err":"live-model BFS: _build_route_json error: undefined method `each' for nil:NilClass\n/Users/williamjames/Library/Applicatio"}}
{"ts":"2026-06-14T19:58:51Z","agent":"Natalie","event":"no_landing_chain","data":{"from":"s004","to":"s002","bfs_err":"no connected path from s004 to s002 in 309 segments — run Build to regenerate map.json"}}
{"ts":"2026-06-14T19:58:51Z","agent":"Nora","event":"no_route","data":{"nora_id":"NORA_0011","from":"s004","to":"s002","err":"live-model BFS: _build_route_json error: undefined method `each' for nil:NilClass\n/Users/williamjames/Library/Applicatio"}}
{"ts":"2026-06-14T20:12:51Z","agent":"Natalie","event":"no_landing_chain","data":{"from":"s004","to":"s002","bfs_err":"no connected path from s004 to s002 in 309 segments — run Build to regenerate map.json"}}
{"ts":"2026-06-14T20:12:52Z","agent":"Nora","event":"no_route","data":{"nora_id":"NORA_0011","from":"s004","to":"s002","err":"live-model BFS: _build_route_json error: undefined method `each' for nil:NilClass\n/Users/williamjames/Library/Applicatio"}}
{"ts":"2026-06-14T20:28:32Z","agent":"Natalie","event":"no_landing_chain","data":{"from":"s004","to":"s002","bfs_err":"no connected path from s004 to s002 in 309 segments — run Build to regenerate map.json"}}
{"ts":"2026-06-14T20:28:32Z","agent":"Nora","event":"no_route","data":{"nora_id":"NORA_0012","from":"s004","to":"s002","err":"live-model BFS: _build_route_json error: undefined method `each' for nil:NilClass\n/Users/williamjames/Library/Applicatio"}}
{"ts":"2026-06-14T21:35:10Z","agent":"Natalie","event":"no_landing_chain","data":{"from":"s004","to":"s001","bfs_err":"no connected path from s004 to s001 in 309 segments — run Build to regenerate map.json"}}
{"ts":"2026-06-14T21:35:10Z","agent":"Nora","event":"no_route","data":{"nora_id":"NORA_0012","from":"s004","to":"s001","err":"live-model BFS: _build_route_json error: [Natalie] RED FLAG: No arrival tracks into S001 CP2 (formation=traffic_circle7)"}}
{"ts":"2026-06-14T21:35:52Z","agent":"Natalie","event":"no_landing_chain","data":{"from":"s004","to":"s001","bfs_err":"no connected path from s004 to s001 in 309 segments — run Build to regenerate map.json"}}
{"ts":"2026-06-14T21:35:52Z","agent":"Nora","event":"no_route","data":{"nora_id":"NORA_0008","from":"s004","to":"s001","err":"live-model BFS: _build_route_json error: [Natalie] RED FLAG: No arrival tracks into S001 CP2 (formation=traffic_circle7)"}}
{"ts":"2026-06-14T21:35:59Z","agent":"Natalie","event":"no_landing_chain","data":{"from":"s004","to":"s001","bfs_err":"no connected path from s004 to s001 in 309 segments — run Build to regenerate map.json"}}
{"ts":"2026-06-14T21:35:59Z","agent":"Nora","event":"no_route","data":{"nora_id":"NORA_0008","from":"s004","to":"s001","err":"live-model BFS: _build_route_json error: [Natalie] RED FLAG: No arrival tracks into S001 CP2 (formation=traffic_circle7)"}}
{"ts":"2026-06-14T21:36:14Z","agent":"Sally","event":"personal_space_violation","data":{"a":"NORA_0004","b":"NORA_0009","dist_mm":1556,"min_mm":2500}}
{"ts":"2026-06-14T21:36:15Z","agent":"Sally","event":"personal_space_violation","data":{"a":"NORA_0004","b":"NORA_0009","dist_mm":690,"min_mm":2500}}
{"ts":"2026-06-14T21:36:15Z","agent":"Sally","event":"personal_space_violation","data":{"a":"NORA_0004","b":"NORA_0009","dist_mm":575,"min_mm":2500}}
{"ts":"2026-06-14T21:36:16Z","agent":"Sally","event":"personal_space_violation","data":{"a":"NORA_0004","b":"NORA_0009","dist_mm":600,"min_mm":2500}}
{"ts":"2026-06-14T21:36:29Z","agent":"Natalie","event":"no_landing_chain","data":{"from":"s004","to":"s001","bfs_err":"no connected path from s004 to s001 in 309 segments — run Build to regenerate map.json"}}
{"ts":"2026-06-14T21:36:29Z","agent":"Nora","event":"no_route","data":{"nora_id":"NORA_0002","from":"s004","to":"s001","err":"live-model BFS: _build_route_json error: [Natalie] RED FLAG: No arrival tracks into S001 CP2 (formation=traffic_circle7)"}}
{"ts":"2026-06-14T21:36:37Z","agent":"Natalie","event":"no_landing_chain","data":{"from":"s004","to":"s001","bfs_err":"no connected path from s004 to s001 in 309 segments — run Build to regenerate map.json"}}
{"ts":"2026-06-14T21:36:37Z","agent":"Nora","event":"no_route","data":{"nora_id":"NORA_0002","from":"s004","to":"s001","err":"live-model BFS: _build_route_json error: [Natalie] RED FLAG: No arrival tracks into S001 CP2 (formation=traffic_circle7)"}}
{"ts":"2026-06-14T21:36:41Z","agent":"Natalie","event":"no_landing_chain","data":{"from":"s004","to":"s001","bfs_err":"no connected path from s004 to s001 in 309 segments — run Build to regenerate map.json"}}
{"ts":"2026-06-14T21:36:41Z","agent":"Nora","event":"no_route","data":{"nora_id":"NORA_0002","from":"s004","to":"s001","err":"live-model BFS: _build_route_json error: [Natalie] RED FLAG: No arrival tracks into S001 CP2 (formation=traffic_circle7)"}}
{"ts":"2026-06-14T21:36:49Z","agent":"Natalie","event":"no_landing_chain","data":{"from":"s004","to":"s001","bfs_err":"no connected path from s004 to s001 in 309 segments — run Build to regenerate map.json"}}
{"ts":"2026-06-14T21:36:49Z","agent":"Nora","event":"no_route","data":{"nora_id":"NORA_0002","from":"s004","to":"s001","err":"live-model BFS: _build_route_json error: [Natalie] RED FLAG: No arrival tracks into S001 CP2 (formation=traffic_circle7)"}}
{"ts":"2026-06-14T21:36:58Z","agent":"Natalie","event":"no_landing_chain","data":{"from":"s004","to":"s001","bfs_err":"no connected path from s004 to s001 in 309 segments — run Build to regenerate map.json"}}
{"ts":"2026-06-14T21:36:58Z","agent":"Nora","event":"no_route","data":{"nora_id":"NORA_0002","from":"s004","to":"s001","err":"live-model BFS: _build_route_json error: [Natalie] RED FLAG: No arrival tracks into S001 CP2 (formation=traffic_circle7)"}}
{"ts":"2026-06-14T21:37:25Z","agent":"Natalie","event":"no_landing_chain","data":{"from":"s004","to":"s001","bfs_err":"no connected path from s004 to s001 in 309 segments — run Build to regenerate map.json"}}
{"ts":"2026-06-14T21:37:25Z","agent":"Nora","event":"no_route","data":{"nora_id":"NORA_0006","from":"s004","to":"s001","err":"live-model BFS: _build_route_json error: [Natalie] RED FLAG: No arrival tracks into S001 CP2 (formation=traffic_circle7)"}}
{"ts":"2026-06-14T22:07:17Z","agent":"Natalie","event":"no_landing_chain","data":{"from":"s004","to":"s001","bfs_err":"no connected path from s004 to s001 in 296 segments — run Build to regenerate map.json"}}
{"ts":"2026-06-14T22:07:17Z","agent":"Nora","event":"no_route","data":{"nora_id":"NORA_0013","from":"s004","to":"s001","err":"live-model BFS: _build_route_json error: uninitialized constant JPods::PathJSON\n/Users/williamjames/Library/Application "}}
{"ts":"2026-06-14T22:07:27Z","agent":"Natalie","event":"no_landing_chain","data":{"from":"s004","to":"s001","bfs_err":"no connected path from s004 to s001 in 296 segments — run Build to regenerate map.json"}}
{"ts":"2026-06-14T22:07:27Z","agent":"Nora","event":"no_route","data":{"nora_id":"NORA_0013","from":"s004","to":"s001","err":"live-model BFS: _build_route_json error: uninitialized constant JPods::PathJSON\n/Users/williamjames/Library/Application "}}
{"ts":"2026-06-14T22:07:48Z","agent":"Natalie","event":"no_landing_chain","data":{"from":"s002","to":"s001","bfs_err":"no connected path from s002 to s001 in 296 segments — run Build to regenerate map.json"}}
{"ts":"2026-06-14T22:07:48Z","agent":"Nora","event":"no_route","data":{"nora_id":"NORA_0007","from":"s002","to":"s001","err":"live-model BFS: _build_route_json error: uninitialized constant JPods::PathJSON\n/Users/williamjames/Library/Application "}}
{"ts":"2026-06-14T22:07:58Z","agent":"Natalie","event":"no_landing_chain","data":{"from":"s002","to":"s001","bfs_err":"no connected path from s002 to s001 in 296 segments — run Build to regenerate map.json"}}
{"ts":"2026-06-14T22:07:58Z","agent":"Nora","event":"no_route","data":{"nora_id":"NORA_0011","from":"s002","to":"s001","err":"live-model BFS: _build_route_json error: uninitialized constant JPods::PathJSON\n/Users/williamjames/Library/Application "}}
{"ts":"2026-06-14T22:09:16Z","agent":"Sally","event":"personal_space_violation","data":{"a":"NORA_0003","b":"NORA_0004","dist_mm":2098,"min_mm":2500}}
{"ts":"2026-06-14T22:09:37Z","agent":"Sally","event":"personal_space_violation","data":{"a":"NORA_0010","b":"NORA_0012","dist_mm":46,"min_mm":2500}}
{"ts":"2026-06-14T22:09:47Z","agent":"Natalie","event":"no_landing_chain","data":{"from":"s003","to":"s001","bfs_err":"no connected path from s003 to s001 in 296 segments — run Build to regenerate map.json"}}
{"ts":"2026-06-14T22:09:47Z","agent":"Nora","event":"no_route","data":{"nora_id":"NORA_0001","from":"s003","to":"s001","err":"live-model BFS: _build_route_json error: uninitialized constant JPods::PathJSON\n/Users/williamjames/Library/Application "}}
{"ts":"2026-06-14T22:09:54Z","agent":"Natalie","event":"no_landing_chain","data":{"from":"s003","to":"s001","bfs_err":"no connected path from s003 to s001 in 296 segments — run Build to regenerate map.json"}}
{"ts":"2026-06-14T22:09:54Z","agent":"Nora","event":"no_route","data":{"nora_id":"NORA_0001","from":"s003","to":"s001","err":"live-model BFS: _build_route_json error: uninitialized constant JPods::PathJSON\n/Users/williamjames/Library/Application "}}
{"ts":"2026-06-14T22:10:00Z","agent":"Natalie","event":"no_landing_chain","data":{"from":"s003","to":"s001","bfs_err":"no connected path from s003 to s001 in 296 segments — run Build to regenerate map.json"}}
{"ts":"2026-06-14T22:10:00Z","agent":"Nora","event":"no_route","data":{"nora_id":"NORA_0001","from":"s003","to":"s001","err":"live-model BFS: _build_route_json error: uninitialized constant JPods::PathJSON\n/Users/williamjames/Library/Application "}}
{"ts":"2026-06-14T22:10:06Z","agent":"Natalie","event":"no_landing_chain","data":{"from":"s003","to":"s001","bfs_err":"no connected path from s003 to s001 in 296 segments — run Build to regenerate map.json"}}
{"ts":"2026-06-14T22:10:06Z","agent":"Nora","event":"no_route","data":{"nora_id":"NORA_0001","from":"s003","to":"s001","err":"live-model BFS: _build_route_json error: uninitialized constant JPods::PathJSON\n/Users/williamjames/Library/Application "}}
{"ts":"2026-06-14T22:10:20Z","agent":"Sally","event":"personal_space_violation","data":{"a":"NORA_0002","b":"NORA_0011","dist_mm":619,"min_mm":2500}}
{"ts":"2026-06-14T22:10:20Z","agent":"Sally","event":"personal_space_violation","data":{"a":"NORA_0002","b":"NORA_0011","dist_mm":1,"min_mm":2500}}
{"ts":"2026-06-14T22:10:30Z","agent":"Natalie","event":"no_landing_chain","data":{"from":"s003","to":"s001","bfs_err":"no connected path from s003 to s001 in 296 segments — run Build to regenerate map.json"}}
{"ts":"2026-06-14T22:10:30Z","agent":"Nora","event":"no_route","data":{"nora_id":"NORA_0004","from":"s003","to":"s001","err":"live-model BFS: _build_route_json error: uninitialized constant JPods::PathJSON\n/Users/williamjames/Library/Application "}}
{"ts":"2026-06-14T22:10:43Z","agent":"Natalie","event":"no_landing_chain","data":{"from":"s004","to":"s001","bfs_err":"no connected path from s004 to s001 in 296 segments — run Build to regenerate map.json"}}
{"ts":"2026-06-14T22:10:43Z","agent":"Nora","event":"no_route","data":{"nora_id":"NORA_0002","from":"s004","to":"s001","err":"live-model BFS: _build_route_json error: uninitialized constant JPods::PathJSON\n/Users/williamjames/Library/Application "}}
{"ts":"2026-06-14T22:10:51Z","agent":"Natalie","event":"no_landing_chain","data":{"from":"s003","to":"s001","bfs_err":"no connected path from s003 to s001 in 296 segments — run Build to regenerate map.json"}}
{"ts":"2026-06-14T22:10:51Z","agent":"Nora","event":"no_route","data":{"nora_id":"NORA_0009","from":"s003","to":"s001","err":"live-model BFS: _build_route_json error: uninitialized constant JPods::PathJSON\n/Users/williamjames/Library/Application "}}
{"ts":"2026-06-14T22:10:55Z","agent":"Natalie","event":"no_landing_chain","data":{"from":"s003","to":"s001","bfs_err":"no connected path from s003 to s001 in 296 segments — run Build to regenerate map.json"}}
{"ts":"2026-06-14T22:10:55Z","agent":"Nora","event":"no_route","data":{"nora_id":"NORA_0009","from":"s003","to":"s001","err":"live-model BFS: _build_route_json error: uninitialized constant JPods::PathJSON\n/Users/williamjames/Library/Application "}}
{"ts":"2026-06-14T22:10:58Z","agent":"Natalie","event":"no_landing_chain","data":{"from":"s003","to":"s001","bfs_err":"no connected path from s003 to s001 in 296 segments — run Build to regenerate map.json"}}
{"ts":"2026-06-14T22:10:58Z","agent":"Nora","event":"no_route","data":{"nora_id":"NORA_0009","from":"s003","to":"s001","err":"live-model BFS: _build_route_json error: uninitialized constant JPods::PathJSON\n/Users/williamjames/Library/Application "}}
{"ts":"2026-06-14T22:11:05Z","agent":"Natalie","event":"no_landing_chain","data":{"from":"s003","to":"s001","bfs_err":"no connected path from s003 to s001 in 296 segments — run Build to regenerate map.json"}}
{"ts":"2026-06-14T22:11:05Z","agent":"Nora","event":"no_route","data":{"nora_id":"NORA_0009","from":"s003","to":"s001","err":"live-model BFS: _build_route_json error: uninitialized constant JPods::PathJSON\n/Users/williamjames/Library/Application "}}
{"ts":"2026-06-14T22:11:08Z","agent":"Natalie","event":"no_landing_chain","data":{"from":"s003","to":"s001","bfs_err":"no connected path from s003 to s001 in 296 segments — run Build to regenerate map.json"}}
{"ts":"2026-06-14T22:11:08Z","agent":"Nora","event":"no_route","data":{"nora_id":"NORA_0009","from":"s003","to":"s001","err":"live-model BFS: _build_route_json error: uninitialized constant JPods::PathJSON\n/Users/williamjames/Library/Application "}}
{"ts":"2026-06-14T22:11:19Z","agent":"Natalie","event":"no_landing_chain","data":{"from":"s003","to":"s001","bfs_err":"no connected path from s003 to s001 in 296 segments — run Build to regenerate map.json"}}
{"ts":"2026-06-14T22:11:19Z","agent":"Nora","event":"no_route","data":{"nora_id":"NORA_0009","from":"s003","to":"s001","err":"live-model BFS: _build_route_json error: uninitialized constant JPods::PathJSON\n/Users/williamjames/Library/Application "}}
{"ts":"2026-06-14T22:11:19Z","agent":"Natalie","event":"no_landing_chain","data":{"from":"s003","to":"s001","bfs_err":"no connected path from s003 to s001 in 296 segments — run Build to regenerate map.json"}}
{"ts":"2026-06-14T22:11:19Z","agent":"Nora","event":"no_route","data":{"nora_id":"NORA_0009","from":"s003","to":"s001","err":"live-model BFS: _build_route_json error: uninitialized constant JPods::PathJSON\n/Users/williamjames/Library/Application "}}
{"ts":"2026-06-14T22:11:29Z","agent":"Natalie","event":"no_landing_chain","data":{"from":"s002","to":"s001","bfs_err":"no connected path from s002 to s001 in 296 segments — run Build to regenerate map.json"}}
{"ts":"2026-06-14T22:11:29Z","agent":"Nora","event":"no_route","data":{"nora_id":"NORA_0010","from":"s002","to":"s001","err":"live-model BFS: _build_route_json error: uninitialized constant JPods::PathJSON\n/Users/williamjames/Library/Application "}}
{"ts":"2026-06-14T22:11:47Z","agent":"Natalie","event":"no_landing_chain","data":{"from":"s003","to":"s001","bfs_err":"no connected path from s003 to s001 in 296 segments — run Build to regenerate map.json"}}
{"ts":"2026-06-14T22:11:47Z","agent":"Nora","event":"no_route","data":{"nora_id":"NORA_0012","from":"s003","to":"s001","err":"live-model BFS: _build_route_json error: uninitialized constant JPods::PathJSON\n/Users/williamjames/Library/Application "}}
{"ts":"2026-06-14T22:11:57Z","agent":"Natalie","event":"no_landing_chain","data":{"from":"s003","to":"s001","bfs_err":"no connected path from s003 to s001 in 296 segments — run Build to regenerate map.json"}}
{"ts":"2026-06-14T22:11:57Z","agent":"Nora","event":"no_route","data":{"nora_id":"NORA_0012","from":"s003","to":"s001","err":"live-model BFS: _build_route_json error: uninitialized constant JPods::PathJSON\n/Users/williamjames/Library/Application "}}
{"ts":"2026-06-14T22:12:15Z","agent":"Natalie","event":"no_landing_chain","data":{"from":"s003","to":"s001","bfs_err":"no connected path from s003 to s001 in 296 segments — run Build to regenerate map.json"}}
{"ts":"2026-06-14T22:12:15Z","agent":"Nora","event":"no_route","data":{"nora_id":"NORA_0006","from":"s003","to":"s001","err":"live-model BFS: _build_route_json error: uninitialized constant JPods::PathJSON\n/Users/williamjames/Library/Application "}}
{"ts":"2026-06-14T22:12:25Z","agent":"Natalie","event":"no_landing_chain","data":{"from":"s003","to":"s001","bfs_err":"no connected path from s003 to s001 in 296 segments — run Build to regenerate map.json"}}
{"ts":"2026-06-14T22:12:25Z","agent":"Nora","event":"no_route","data":{"nora_id":"NORA_0006","from":"s003","to":"s001","err":"live-model BFS: _build_route_json error: uninitialized constant JPods::PathJSON\n/Users/williamjames/Library/Application "}}
{"ts":"2026-06-14T22:12:40Z","agent":"Natalie","event":"no_landing_chain","data":{"from":"s004","to":"s001","bfs_err":"no connected path from s004 to s001 in 296 segments — run Build to regenerate map.json"}}
{"ts":"2026-06-14T22:12:40Z","agent":"Nora","event":"no_route","data":{"nora_id":"NORA_0005","from":"s004","to":"s001","err":"live-model BFS: _build_route_json error: uninitialized constant JPods::PathJSON\n/Users/williamjames/Library/Application "}}
{"ts":"2026-06-14T22:12:40Z","agent":"Natalie","event":"no_landing_chain","data":{"from":"s002","to":"s001","bfs_err":"no connected path from s002 to s001 in 296 segments — run Build to regenerate map.json"}}
{"ts":"2026-06-14T22:12:40Z","agent":"Nora","event":"no_route","data":{"nora_id":"NORA_0007","from":"s002","to":"s001","err":"live-model BFS: _build_route_json error: uninitialized constant JPods::PathJSON\n/Users/williamjames/Library/Application "}}
{"ts":"2026-06-14T22:12:44Z","agent":"Natalie","event":"no_landing_chain","data":{"from":"s003","to":"s001","bfs_err":"no connected path from s003 to s001 in 296 segments — run Build to regenerate map.json"}}
{"ts":"2026-06-14T22:12:44Z","agent":"Nora","event":"no_route","data":{"nora_id":"NORA_0010","from":"s003","to":"s001","err":"live-model BFS: _build_route_json error: uninitialized constant JPods::PathJSON\n/Users/williamjames/Library/Application "}}
{"ts":"2026-06-14T22:13:26Z","agent":"Natalie","event":"no_landing_chain","data":{"from":"s002","to":"s001","bfs_err":"no connected path from s002 to s001 in 296 segments — run Build to regenerate map.json"}}
{"ts":"2026-06-14T22:13:26Z","agent":"Nora","event":"no_route","data":{"nora_id":"NORA_0003","from":"s002","to":"s001","err":"live-model BFS: _build_route_json error: uninitialized constant JPods::PathJSON\n/Users/williamjames/Library/Application "}}
{"ts":"2026-06-14T22:13:30Z","agent":"Natalie","event":"no_landing_chain","data":{"from":"s002","to":"s001","bfs_err":"no connected path from s002 to s001 in 296 segments — run Build to regenerate map.json"}}
{"ts":"2026-06-14T22:13:30Z","agent":"Nora","event":"no_route","data":{"nora_id":"NORA_0003","from":"s002","to":"s001","err":"live-model BFS: _build_route_json error: uninitialized constant JPods::PathJSON\n/Users/williamjames/Library/Application "}}
{"ts":"2026-06-14T22:13:30Z","agent":"Natalie","event":"no_landing_chain","data":{"from":"s004","to":"s001","bfs_err":"no connected path from s004 to s001 in 296 segments — run Build to regenerate map.json"}}
{"ts":"2026-06-14T22:13:30Z","agent":"Nora","event":"no_route","data":{"nora_id":"NORA_0007","from":"s004","to":"s001","err":"live-model BFS: _build_route_json error: uninitialized constant JPods::PathJSON\n/Users/williamjames/Library/Application "}}
{"ts":"2026-06-14T22:13:40Z","agent":"Natalie","event":"no_landing_chain","data":{"from":"s004","to":"s001","bfs_err":"no connected path from s004 to s001 in 296 segments — run Build to regenerate map.json"}}
{"ts":"2026-06-14T22:13:40Z","agent":"Nora","event":"no_route","data":{"nora_id":"NORA_0007","from":"s004","to":"s001","err":"live-model BFS: _build_route_json error: uninitialized constant JPods::PathJSON\n/Users/williamjames/Library/Application "}}
{"ts":"2026-06-14T22:13:55Z","agent":"Natalie","event":"no_landing_chain","data":{"from":"s002","to":"s001","bfs_err":"no connected path from s002 to s001 in 296 segments — run Build to regenerate map.json"}}
{"ts":"2026-06-14T22:13:55Z","agent":"Nora","event":"no_route","data":{"nora_id":"NORA_0009","from":"s002","to":"s001","err":"live-model BFS: _build_route_json error: uninitialized constant JPods::PathJSON\n/Users/williamjames/Library/Application "}}
{"ts":"2026-06-14T22:14:05Z","agent":"Natalie","event":"no_landing_chain","data":{"from":"s002","to":"s001","bfs_err":"no connected path from s002 to s001 in 296 segments — run Build to regenerate map.json"}}
{"ts":"2026-06-14T22:14:05Z","agent":"Nora","event":"no_route","data":{"nora_id":"NORA_0009","from":"s002","to":"s001","err":"live-model BFS: _build_route_json error: uninitialized constant JPods::PathJSON\n/Users/williamjames/Library/Application "}}
{"ts":"2026-06-14T22:14:06Z","agent":"Natalie","event":"no_landing_chain","data":{"from":"s002","to":"s001","bfs_err":"no connected path from s002 to s001 in 296 segments — run Build to regenerate map.json"}}
{"ts":"2026-06-14T22:14:06Z","agent":"Nora","event":"no_route","data":{"nora_id":"NORA_0009","from":"s002","to":"s001","err":"live-model BFS: _build_route_json error: uninitialized constant JPods::PathJSON\n/Users/williamjames/Library/Application "}}
{"ts":"2026-06-14T22:14:35Z","agent":"Natalie","event":"no_landing_chain","data":{"from":"s003","to":"s001","bfs_err":"no connected path from s003 to s001 in 296 segments — run Build to regenerate map.json"}}
{"ts":"2026-06-14T22:14:35Z","agent":"Nora","event":"no_route","data":{"nora_id":"NORA_0006","from":"s003","to":"s001","err":"live-model BFS: _build_route_json error: uninitialized constant JPods::PathJSON\n/Users/williamjames/Library/Application "}}
{"ts":"2026-06-14T22:14:43Z","agent":"Natalie","event":"no_landing_chain","data":{"from":"s004","to":"s001","bfs_err":"no connected path from s004 to s001 in 296 segments — run Build to regenerate map.json"}}
{"ts":"2026-06-14T22:14:43Z","agent":"Nora","event":"no_route","data":{"nora_id":"NORA_0012","from":"s004","to":"s001","err":"live-model BFS: _build_route_json error: uninitialized constant JPods::PathJSON\n/Users/williamjames/Library/Application "}}
{"ts":"2026-06-14T22:14:49Z","agent":"Natalie","event":"no_landing_chain","data":{"from":"s003","to":"s001","bfs_err":"no connected path from s003 to s001 in 296 segments — run Build to regenerate map.json"}}
{"ts":"2026-06-14T22:14:49Z","agent":"Nora","event":"no_route","data":{"nora_id":"NORA_0013","from":"s003","to":"s001","err":"live-model BFS: _build_route_json error: uninitialized constant JPods::PathJSON\n/Users/williamjames/Library/Application "}}
{"ts":"2026-06-14T22:15:07Z","agent":"Natalie","event":"no_landing_chain","data":{"from":"s002","to":"s001","bfs_err":"no connected path from s002 to s001 in 296 segments — run Build to regenerate map.json"}}
{"ts":"2026-06-14T22:15:07Z","agent":"Nora","event":"no_route","data":{"nora_id":"NORA_0011","from":"s002","to":"s001","err":"live-model BFS: _build_route_json error: uninitialized constant JPods::PathJSON\n/Users/williamjames/Library/Application "}}
{"ts":"2026-06-14T22:15:38Z","agent":"Sally","event":"personal_space_violation","data":{"a":"NORA_0005","b":"NORA_0007","dist_mm":2028,"min_mm":2500}}
{"ts":"2026-06-14T22:15:38Z","agent":"Natalie","event":"no_landing_chain","data":{"from":"s004","to":"s001","bfs_err":"no connected path from s004 to s001 in 296 segments — run Build to regenerate map.json"}}
{"ts":"2026-06-14T22:15:39Z","agent":"Nora","event":"no_route","data":{"nora_id":"NORA_0006","from":"s004","to":"s001","err":"live-model BFS: _build_route_json error: uninitialized constant JPods::PathJSON\n/Users/williamjames/Library/Application "}}
{"ts":"2026-06-14T22:15:47Z","agent":"Natalie","event":"no_landing_chain","data":{"from":"s004","to":"s001","bfs_err":"no connected path from s004 to s001 in 296 segments — run Build to regenerate map.json"}}
{"ts":"2026-06-14T22:15:47Z","agent":"Nora","event":"no_route","data":{"nora_id":"NORA_0006","from":"s004","to":"s001","err":"live-model BFS: _build_route_json error: uninitialized constant JPods::PathJSON\n/Users/williamjames/Library/Application "}}
{"ts":"2026-06-14T22:15:57Z","agent":"Natalie","event":"no_landing_chain","data":{"from":"s004","to":"s001","bfs_err":"no connected path from s004 to s001 in 296 segments — run Build to regenerate map.json"}}
{"ts":"2026-06-14T22:15:57Z","agent":"Nora","event":"no_route","data":{"nora_id":"NORA_0006","from":"s004","to":"s001","err":"live-model BFS: _build_route_json error: uninitialized constant JPods::PathJSON\n/Users/williamjames/Library/Application "}}
{"ts":"2026-06-14T22:15:59Z","agent":"Natalie","event":"no_landing_chain","data":{"from":"s004","to":"s001","bfs_err":"no connected path from s004 to s001 in 296 segments — run Build to regenerate map.json"}}
{"ts":"2026-06-14T22:15:59Z","agent":"Nora","event":"no_route","data":{"nora_id":"NORA_0006","from":"s004","to":"s001","err":"live-model BFS: _build_route_json error: uninitialized constant JPods::PathJSON\n/Users/williamjames/Library/Application "}}
{"ts":"2026-06-14T22:16:03Z","agent":"Sally","event":"personal_space_violation","data":{"a":"NORA_0005","b":"NORA_0007","dist_mm":2478,"min_mm":2500}}
{"ts":"2026-06-14T22:16:11Z","agent":"Natalie","event":"no_landing_chain","data":{"from":"s003","to":"s001","bfs_err":"no connected path from s003 to s001 in 296 segments — run Build to regenerate map.json"}}
{"ts":"2026-06-14T22:16:11Z","agent":"Nora","event":"no_route","data":{"nora_id":"NORA_0003","from":"s003","to":"s001","err":"live-model BFS: _build_route_json error: uninitialized constant JPods::PathJSON\n/Users/williamjames/Library/Application "}}
{"ts":"2026-06-14T22:16:20Z","agent":"Natalie","event":"no_landing_chain","data":{"from":"s003","to":"s001","bfs_err":"no connected path from s003 to s001 in 296 segments — run Build to regenerate map.json"}}
{"ts":"2026-06-14T22:16:20Z","agent":"Nora","event":"no_route","data":{"nora_id":"NORA_0003","from":"s003","to":"s001","err":"live-model BFS: _build_route_json error: uninitialized constant JPods::PathJSON\n/Users/williamjames/Library/Application "}}
{"ts":"2026-06-14T22:16:30Z","agent":"Natalie","event":"no_landing_chain","data":{"from":"s003","to":"s001","bfs_err":"no connected path from s003 to s001 in 296 segments — run Build to regenerate map.json"}}
{"ts":"2026-06-14T22:16:30Z","agent":"Nora","event":"no_route","data":{"nora_id":"NORA_0003","from":"s003","to":"s001","err":"live-model BFS: _build_route_json error: uninitialized constant JPods::PathJSON\n/Users/williamjames/Library/Application "}}
{"ts":"2026-06-14T22:16:31Z","agent":"Natalie","event":"no_landing_chain","data":{"from":"s003","to":"s001","bfs_err":"no connected path from s003 to s001 in 296 segments — run Build to regenerate map.json"}}
{"ts":"2026-06-14T22:16:31Z","agent":"Nora","event":"no_route","data":{"nora_id":"NORA_0003","from":"s003","to":"s001","err":"live-model BFS: _build_route_json error: uninitialized constant JPods::PathJSON\n/Users/williamjames/Library/Application "}}
{"ts":"2026-06-14T22:16:37Z","agent":"Natalie","event":"no_landing_chain","data":{"from":"s004","to":"s001","bfs_err":"no connected path from s004 to s001 in 296 segments — run Build to regenerate map.json"}}
{"ts":"2026-06-14T22:16:37Z","agent":"Nora","event":"no_route","data":{"nora_id":"NORA_0002","from":"s004","to":"s001","err":"live-model BFS: _build_route_json error: uninitialized constant JPods::PathJSON\n/Users/williamjames/Library/Application "}}
{"ts":"2026-06-14T22:16:37Z","agent":"Natalie","event":"no_landing_chain","data":{"from":"s003","to":"s001","bfs_err":"no connected path from s003 to s001 in 296 segments — run Build to regenerate map.json"}}
{"ts":"2026-06-14T22:16:37Z","agent":"Nora","event":"no_route","data":{"nora_id":"NORA_0003","from":"s003","to":"s001","err":"live-model BFS: _build_route_json error: uninitialized constant JPods::PathJSON\n/Users/williamjames/Library/Application "}}
{"ts":"2026-06-14T22:16:45Z","agent":"Natalie","event":"no_landing_chain","data":{"from":"s004","to":"s001","bfs_err":"no connected path from s004 to s001 in 296 segments — run Build to regenerate map.json"}}
{"ts":"2026-06-14T22:16:45Z","agent":"Nora","event":"no_route","data":{"nora_id":"NORA_0002","from":"s004","to":"s001","err":"live-model BFS: _build_route_json error: uninitialized constant JPods::PathJSON\n/Users/williamjames/Library/Application "}}
{"ts":"2026-06-14T22:16:45Z","agent":"Natalie","event":"no_landing_chain","data":{"from":"s003","to":"s001","bfs_err":"no connected path from s003 to s001 in 296 segments — run Build to regenerate map.json"}}
{"ts":"2026-06-14T22:16:45Z","agent":"Nora","event":"no_route","data":{"nora_id":"NORA_0003","from":"s003","to":"s001","err":"live-model BFS: _build_route_json error: uninitialized constant JPods::PathJSON\n/Users/williamjames/Library/Application "}}
{"ts":"2026-06-14T22:16:53Z","agent":"Natalie","event":"no_landing_chain","data":{"from":"s003","to":"s001","bfs_err":"no connected path from s003 to s001 in 296 segments — run Build to regenerate map.json"}}
{"ts":"2026-06-14T22:16:53Z","agent":"Nora","event":"no_route","data":{"nora_id":"NORA_0003","from":"s003","to":"s001","err":"live-model BFS: _build_route_json error: uninitialized constant JPods::PathJSON\n/Users/williamjames/Library/Application "}}
{"ts":"2026-06-14T22:16:53Z","agent":"Natalie","event":"no_landing_chain","data":{"from":"s002","to":"s001","bfs_err":"no connected path from s002 to s001 in 296 segments — run Build to regenerate map.json"}}
{"ts":"2026-06-14T22:16:53Z","agent":"Nora","event":"no_route","data":{"nora_id":"NORA_0010","from":"s002","to":"s001","err":"live-model BFS: _build_route_json error: uninitialized constant JPods::PathJSON\n/Users/williamjames/Library/Application "}}
{"ts":"2026-06-14T22:17:00Z","agent":"Natalie","event":"no_landing_chain","data":{"from":"s002","to":"s001","bfs_err":"no connected path from s002 to s001 in 296 segments — run Build to regenerate map.json"}}
{"ts":"2026-06-14T22:17:00Z","agent":"Nora","event":"no_route","data":{"nora_id":"NORA_0010","from":"s002","to":"s001","err":"live-model BFS: _build_route_json error: uninitialized constant JPods::PathJSON\n/Users/williamjames/Library/Application "}}
{"ts":"2026-06-14T22:17:06Z","agent":"Natalie","event":"no_landing_chain","data":{"from":"s003","to":"s001","bfs_err":"no connected path from s003 to s001 in 296 segments — run Build to regenerate map.json"}}
{"ts":"2026-06-14T22:17:06Z","agent":"Nora","event":"no_route","data":{"nora_id":"NORA_0011","from":"s003","to":"s001","err":"live-model BFS: _build_route_json error: uninitialized constant JPods::PathJSON\n/Users/williamjames/Library/Application "}}
{"ts":"2026-06-14T22:17:06Z","agent":"Natalie","event":"no_landing_chain","data":{"from":"s002","to":"s001","bfs_err":"no connected path from s002 to s001 in 296 segments — run Build to regenerate map.json"}}
{"ts":"2026-06-14T22:17:06Z","agent":"Nora","event":"no_route","data":{"nora_id":"NORA_0010","from":"s002","to":"s001","err":"live-model BFS: _build_route_json error: uninitialized constant JPods::PathJSON\n/Users/williamjames/Library/Application "}}
{"ts":"2026-06-14T22:17:06Z","agent":"Natalie","event":"no_landing_chain","data":{"from":"s004","to":"s001","bfs_err":"no connected path from s004 to s001 in 296 segments — run Build to regenerate map.json"}}
{"ts":"2026-06-14T22:17:06Z","agent":"Nora","event":"no_route","data":{"nora_id":"NORA_0005","from":"s004","to":"s001","err":"live-model BFS: _build_route_json error: uninitialized constant JPods::PathJSON\n/Users/williamjames/Library/Application "}}
{"ts":"2026-06-14T22:17:16Z","agent":"Natalie","event":"no_landing_chain","data":{"from":"s003","to":"s001","bfs_err":"no connected path from s003 to s001 in 296 segments — run Build to regenerate map.json"}}
{"ts":"2026-06-14T22:17:16Z","agent":"Nora","event":"no_route","data":{"nora_id":"NORA_0011","from":"s003","to":"s001","err":"live-model BFS: _build_route_json error: uninitialized constant JPods::PathJSON\n/Users/williamjames/Library/Application "}}
{"ts":"2026-06-14T22:17:16Z","agent":"Natalie","event":"no_landing_chain","data":{"from":"s002","to":"s001","bfs_err":"no connected path from s002 to s001 in 296 segments — run Build to regenerate map.json"}}
{"ts":"2026-06-14T22:17:16Z","agent":"Nora","event":"no_route","data":{"nora_id":"NORA_0010","from":"s002","to":"s001","err":"live-model BFS: _build_route_json error: uninitialized constant JPods::PathJSON\n/Users/williamjames/Library/Application "}}
{"ts":"2026-06-14T22:17:16Z","agent":"Natalie","event":"no_landing_chain","data":{"from":"s004","to":"s001","bfs_err":"no connected path from s004 to s001 in 296 segments — run Build to regenerate map.json"}}
{"ts":"2026-06-14T22:17:16Z","agent":"Nora","event":"no_route","data":{"nora_id":"NORA_0005","from":"s004","to":"s001","err":"live-model BFS: _build_route_json error: uninitialized constant JPods::PathJSON\n/Users/williamjames/Library/Application "}}
{"ts":"2026-06-14T22:17:17Z","agent":"Natalie","event":"no_landing_chain","data":{"from":"s002","to":"s001","bfs_err":"no connected path from s002 to s001 in 296 segments — run Build to regenerate map.json"}}
{"ts":"2026-06-14T22:17:17Z","agent":"Nora","event":"no_route","data":{"nora_id":"NORA_0010","from":"s002","to":"s001","err":"live-model BFS: _build_route_json error: uninitialized constant JPods::PathJSON\n/Users/williamjames/Library/Application "}}
{"ts":"2026-06-14T22:17:27Z","agent":"Natalie","event":"no_landing_chain","data":{"from":"s002","to":"s001","bfs_err":"no connected path from s002 to s001 in 296 segments — run Build to regenerate map.json"}}
{"ts":"2026-06-14T22:17:27Z","agent":"Nora","event":"no_route","data":{"nora_id":"NORA_0010","from":"s002","to":"s001","err":"live-model BFS: _build_route_json error: uninitialized constant JPods::PathJSON\n/Users/williamjames/Library/Application "}}
{"ts":"2026-06-14T22:17:28Z","agent":"Natalie","event":"no_landing_chain","data":{"from":"s003","to":"s001","bfs_err":"no connected path from s003 to s001 in 296 segments — run Build to regenerate map.json"}}
{"ts":"2026-06-14T22:17:28Z","agent":"Nora","event":"no_route","data":{"nora_id":"NORA_0012","from":"s003","to":"s001","err":"live-model BFS: _build_route_json error: uninitialized constant JPods::PathJSON\n/Users/williamjames/Library/Application "}}
{"ts":"2026-06-14T22:17:28Z","agent":"Natalie","event":"no_landing_chain","data":{"from":"s004","to":"s001","bfs_err":"no connected path from s004 to s001 in 296 segments — run Build to regenerate map.json"}}
{"ts":"2026-06-14T22:17:28Z","agent":"Nora","event":"no_route","data":{"nora_id":"NORA_0004","from":"s004","to":"s001","err":"live-model BFS: _build_route_json error: uninitialized constant JPods::PathJSON\n/Users/williamjames/Library/Application "}}
{"ts":"2026-06-14T22:17:33Z","agent":"Natalie","event":"no_landing_chain","data":{"from":"s003","to":"s001","bfs_err":"no connected path from s003 to s001 in 296 segments — run Build to regenerate map.json"}}
{"ts":"2026-06-14T22:17:33Z","agent":"Nora","event":"no_route","data":{"nora_id":"NORA_0012","from":"s003","to":"s001","err":"live-model BFS: _build_route_json error: uninitialized constant JPods::PathJSON\n/Users/williamjames/Library/Application "}}
{"ts":"2026-06-14T22:17:38Z","agent":"Natalie","event":"no_landing_chain","data":{"from":"s003","to":"s001","bfs_err":"no connected path from s003 to s001 in 296 segments — run Build to regenerate map.json"}}
{"ts":"2026-06-14T22:17:38Z","agent":"Nora","event":"no_route","data":{"nora_id":"NORA_0012","from":"s003","to":"s001","err":"live-model BFS: _build_route_json error: uninitialized constant JPods::PathJSON\n/Users/williamjames/Library/Application "}}
{"ts":"2026-06-14T22:17:45Z","agent":"Natalie","event":"no_landing_chain","data":{"from":"s003","to":"s001","bfs_err":"no connected path from s003 to s001 in 296 segments — run Build to regenerate map.json"}}
{"ts":"2026-06-14T22:17:45Z","agent":"Nora","event":"no_route","data":{"nora_id":"NORA_0012","from":"s003","to":"s001","err":"live-model BFS: _build_route_json error: uninitialized constant JPods::PathJSON\n/Users/williamjames/Library/Application "}}
{"ts":"2026-06-14T22:18:02Z","agent":"Natalie","event":"no_landing_chain","data":{"from":"s003","to":"s001","bfs_err":"no connected path from s003 to s001 in 296 segments — run Build to regenerate map.json"}}
{"ts":"2026-06-14T22:18:02Z","agent":"Nora","event":"no_route","data":{"nora_id":"NORA_0008","from":"s003","to":"s001","err":"live-model BFS: _build_route_json error: uninitialized constant JPods::PathJSON\n/Users/williamjames/Library/Application "}}
{"ts":"2026-06-14T22:18:06Z","agent":"Natalie","event":"no_landing_chain","data":{"from":"s003","to":"s001","bfs_err":"no connected path from s003 to s001 in 296 segments — run Build to regenerate map.json"}}
{"ts":"2026-06-14T22:18:06Z","agent":"Nora","event":"no_route","data":{"nora_id":"NORA_0008","from":"s003","to":"s001","err":"live-model BFS: _build_route_json error: uninitialized constant JPods::PathJSON\n/Users/williamjames/Library/Application "}}
{"ts":"2026-06-14T22:18:22Z","agent":"Natalie","event":"no_landing_chain","data":{"from":"s002","to":"s001","bfs_err":"no connected path from s002 to s001 in 296 segments — run Build to regenerate map.json"}}
{"ts":"2026-06-14T22:18:22Z","agent":"Nora","event":"no_route","data":{"nora_id":"NORA_0005","from":"s002","to":"s001","err":"live-model BFS: _build_route_json error: uninitialized constant JPods::PathJSON\n/Users/williamjames/Library/Application "}}
{"ts":"2026-06-14T22:18:32Z","agent":"Natalie","event":"no_landing_chain","data":{"from":"s002","to":"s001","bfs_err":"no connected path from s002 to s001 in 296 segments — run Build to regenerate map.json"}}
{"ts":"2026-06-14T22:18:32Z","agent":"Nora","event":"no_route","data":{"nora_id":"NORA_0005","from":"s002","to":"s001","err":"live-model BFS: _build_route_json error: uninitialized constant JPods::PathJSON\n/Users/williamjames/Library/Application "}}
{"ts":"2026-06-14T22:18:52Z","agent":"Natalie","event":"no_landing_chain","data":{"from":"s002","to":"s001","bfs_err":"no connected path from s002 to s001 in 296 segments — run Build to regenerate map.json"}}
{"ts":"2026-06-14T22:18:52Z","agent":"Nora","event":"no_route","data":{"nora_id":"NORA_0013","from":"s002","to":"s001","err":"live-model BFS: _build_route_json error: uninitialized constant JPods::PathJSON\n/Users/williamjames/Library/Application "}}
{"ts":"2026-06-14T22:18:56Z","agent":"Natalie","event":"no_landing_chain","data":{"from":"s002","to":"s001","bfs_err":"no connected path from s002 to s001 in 296 segments — run Build to regenerate map.json"}}
{"ts":"2026-06-14T22:18:56Z","agent":"Nora","event":"no_route","data":{"nora_id":"NORA_0013","from":"s002","to":"s001","err":"live-model BFS: _build_route_json error: uninitialized constant JPods::PathJSON\n/Users/williamjames/Library/Application "}}
{"ts":"2026-06-14T22:19:05Z","agent":"Natalie","event":"no_landing_chain","data":{"from":"s003","to":"s001","bfs_err":"no connected path from s003 to s001 in 296 segments — run Build to regenerate map.json"}}
{"ts":"2026-06-14T22:19:05Z","agent":"Nora","event":"no_route","data":{"nora_id":"NORA_0003","from":"s003","to":"s001","err":"live-model BFS: _build_route_json error: uninitialized constant JPods::PathJSON\n/Users/williamjames/Library/Application "}}
{"ts":"2026-06-14T22:19:13Z","agent":"Natalie","event":"no_landing_chain","data":{"from":"s003","to":"s001","bfs_err":"no connected path from s003 to s001 in 296 segments — run Build to regenerate map.json"}}
{"ts":"2026-06-14T22:19:13Z","agent":"Nora","event":"no_route","data":{"nora_id":"NORA_0003","from":"s003","to":"s001","err":"live-model BFS: _build_route_json error: uninitialized constant JPods::PathJSON\n/Users/williamjames/Library/Application "}}
{"ts":"2026-06-14T22:19:30Z","agent":"Natalie","event":"no_landing_chain","data":{"from":"s002","to":"s001","bfs_err":"no connected path from s002 to s001 in 296 segments — run Build to regenerate map.json"}}
{"ts":"2026-06-14T22:19:30Z","agent":"Nora","event":"no_route","data":{"nora_id":"NORA_0002","from":"s002","to":"s001","err":"live-model BFS: _build_route_json error: uninitialized constant JPods::PathJSON\n/Users/williamjames/Library/Application "}}
{"ts":"2026-06-14T22:20:01Z","agent":"Natalie","event":"no_landing_chain","data":{"from":"s002","to":"s001","bfs_err":"no connected path from s002 to s001 in 296 segments — run Build to regenerate map.json"}}
{"ts":"2026-06-14T22:20:01Z","agent":"Nora","event":"no_route","data":{"nora_id":"NORA_0011","from":"s002","to":"s001","err":"live-model BFS: _build_route_json error: uninitialized constant JPods::PathJSON\n/Users/williamjames/Library/Application "}}
{"ts":"2026-06-14T22:20:01Z","agent":"Natalie","event":"no_landing_chain","data":{"from":"s003","to":"s001","bfs_err":"no connected path from s003 to s001 in 296 segments — run Build to regenerate map.json"}}
{"ts":"2026-06-14T22:20:01Z","agent":"Nora","event":"no_route","data":{"nora_id":"NORA_0007","from":"s003","to":"s001","err":"live-model BFS: _build_route_json error: uninitialized constant JPods::PathJSON\n/Users/williamjames/Library/Application "}}
{"ts":"2026-06-14T22:20:11Z","agent":"Sally","event":"personal_space_violation","data":{"a":"NORA_0006","b":"NORA_0011","dist_mm":1629,"min_mm":2500}}
{"ts":"2026-06-14T22:20:26Z","agent":"Natalie","event":"no_landing_chain","data":{"from":"s004","to":"s001","bfs_err":"no connected path from s004 to s001 in 296 segments — run Build to regenerate map.json"}}
{"ts":"2026-06-14T22:20:26Z","agent":"Nora","event":"no_route","data":{"nora_id":"NORA_0010","from":"s004","to":"s001","err":"live-model BFS: _build_route_json error: uninitialized constant JPods::PathJSON\n/Users/williamjames/Library/Application "}}
{"ts":"2026-06-14T22:20:26Z","agent":"Natalie","event":"no_landing_chain","data":{"from":"s003","to":"s001","bfs_err":"no connected path from s003 to s001 in 296 segments — run Build to regenerate map.json"}}
{"ts":"2026-06-14T22:20:26Z","agent":"Nora","event":"no_route","data":{"nora_id":"NORA_0008","from":"s003","to":"s001","err":"live-model BFS: _build_route_json error: uninitialized constant JPods::PathJSON\n/Users/williamjames/Library/Application "}}
{"ts":"2026-06-14T22:20:36Z","agent":"Natalie","event":"no_landing_chain","data":{"from":"s004","to":"s001","bfs_err":"no connected path from s004 to s001 in 296 segments — run Build to regenerate map.json"}}
{"ts":"2026-06-14T22:20:36Z","agent":"Nora","event":"no_route","data":{"nora_id":"NORA_0010","from":"s004","to":"s001","err":"live-model BFS: _build_route_json error: uninitialized constant JPods::PathJSON\n/Users/williamjames/Library/Application "}}
{"ts":"2026-06-14T22:20:36Z","agent":"Natalie","event":"no_landing_chain","data":{"from":"s003","to":"s001","bfs_err":"no connected path from s003 to s001 in 296 segments — run Build to regenerate map.json"}}
{"ts":"2026-06-14T22:20:36Z","agent":"Nora","event":"no_route","data":{"nora_id":"NORA_0008","from":"s003","to":"s001","err":"live-model BFS: _build_route_json error: uninitialized constant JPods::PathJSON\n/Users/williamjames/Library/Application "}}
{"ts":"2026-06-14T22:20:37Z","agent":"Natalie","event":"no_landing_chain","data":{"from":"s002","to":"s001","bfs_err":"no connected path from s002 to s001 in 296 segments — run Build to regenerate map.json"}}
{"ts":"2026-06-14T22:20:37Z","agent":"Nora","event":"no_route","data":{"nora_id":"NORA_0003","from":"s002","to":"s001","err":"live-model BFS: _build_route_json error: uninitialized constant JPods::PathJSON\n/Users/williamjames/Library/Application "}}
{"ts":"2026-06-14T22:20:37Z","agent":"Natalie","event":"no_landing_chain","data":{"from":"s004","to":"s001","bfs_err":"no connected path from s004 to s001 in 296 segments — run Build to regenerate map.json"}}
{"ts":"2026-06-14T22:20:37Z","agent":"Nora","event":"no_route","data":{"nora_id":"NORA_0010","from":"s004","to":"s001","err":"live-model BFS: _build_route_json error: uninitialized constant JPods::PathJSON\n/Users/williamjames/Library/Application "}}
{"ts":"2026-06-14T22:20:37Z","agent":"Natalie","event":"no_landing_chain","data":{"from":"s003","to":"s001","bfs_err":"no connected path from s003 to s001 in 296 segments — run Build to regenerate map.json"}}
{"ts":"2026-06-14T22:20:37Z","agent":"Nora","event":"no_route","data":{"nora_id":"NORA_0008","from":"s003","to":"s001","err":"live-model BFS: _build_route_json error: uninitialized constant JPods::PathJSON\n/Users/williamjames/Library/Application "}}
{"ts":"2026-06-14T22:47:05Z","agent":"Natalie","event":"no_landing_chain","data":{"from":"s003","to":"s001","bfs_err":"no connected path from s003 to s001 in 196 segments — run Build to regenerate map.json"}}
{"ts":"2026-06-14T22:47:05Z","agent":"Nora","event":"no_route","data":{"nora_id":"NORA_0008","from":"s003","to":"s001","err":"live-model BFS: _build_route_json error: uninitialized constant JPods::PathJSON\n/Users/williamjames/Library/Application "}}
{"ts":"2026-06-14T22:47:05Z","agent":"Natalie","event":"no_landing_chain","data":{"from":"s002","to":"s001","bfs_err":"no connected path from s002 to s001 in 196 segments — run Build to regenerate map.json"}}
{"ts":"2026-06-14T22:47:05Z","agent":"Nora","event":"no_route","data":{"nora_id":"NORA_0001","from":"s002","to":"s001","err":"live-model BFS: _build_route_json error: uninitialized constant JPods::PathJSON\n/Users/williamjames/Library/Application "}}
{"ts":"2026-06-14T22:47:13Z","agent":"Natalie","event":"no_landing_chain","data":{"from":"s002","to":"s001","bfs_err":"no connected path from s002 to s001 in 196 segments — run Build to regenerate map.json"}}
{"ts":"2026-06-14T22:47:13Z","agent":"Nora","event":"no_route","data":{"nora_id":"NORA_0001","from":"s002","to":"s001","err":"live-model BFS: _build_route_json error: uninitialized constant JPods::PathJSON\n/Users/williamjames/Library/Application "}}
{"ts":"2026-06-14T22:47:18Z","agent":"Natalie","event":"no_landing_chain","data":{"from":"s003","to":"s001","bfs_err":"no connected path from s003 to s001 in 196 segments — run Build to regenerate map.json"}}
{"ts":"2026-06-14T22:47:18Z","agent":"Nora","event":"no_route","data":{"nora_id":"NORA_0009","from":"s003","to":"s001","err":"live-model BFS: _build_route_json error: uninitialized constant JPods::PathJSON\n/Users/williamjames/Library/Application "}}
{"ts":"2026-06-14T22:47:27Z","agent":"Natalie","event":"no_landing_chain","data":{"from":"s003","to":"s001","bfs_err":"no connected path from s003 to s001 in 196 segments — run Build to regenerate map.json"}}
{"ts":"2026-06-14T22:47:27Z","agent":"Nora","event":"no_route","data":{"nora_id":"NORA_0010","from":"s003","to":"s001","err":"live-model BFS: _build_route_json error: uninitialized constant JPods::PathJSON\n/Users/williamjames/Library/Application "}}
{"ts":"2026-06-14T22:47:40Z","agent":"Natalie","event":"no_landing_chain","data":{"from":"s002","to":"s001","bfs_err":"no connected path from s002 to s001 in 196 segments — run Build to regenerate map.json"}}
{"ts":"2026-06-14T22:47:40Z","agent":"Nora","event":"no_route","data":{"nora_id":"NORA_0005","from":"s002","to":"s001","err":"live-model BFS: _build_route_json error: uninitialized constant JPods::PathJSON\n/Users/williamjames/Library/Application "}}
{"ts":"2026-06-14T22:47:41Z","agent":"Sally","event":"personal_space_violation","data":{"a":"NORA_0001","b":"NORA_0008","dist_mm":2181,"min_mm":2500}}
{"ts":"2026-06-14T22:47:42Z","agent":"Sally","event":"personal_space_violation","data":{"a":"NORA_0001","b":"NORA_0008","dist_mm":1301,"min_mm":2500}}
{"ts":"2026-06-14T22:47:43Z","agent":"Sally","event":"personal_space_violation","data":{"a":"NORA_0001","b":"NORA_0008","dist_mm":1837,"min_mm":2500}}
{"ts":"2026-06-14T22:48:01Z","agent":"Sally","event":"personal_space_violation","data":{"a":"NORA_0001","b":"NORA_0008","dist_mm":2147,"min_mm":2500}}
{"ts":"2026-06-14T22:48:12Z","agent":"Sally","event":"personal_space_violation","data":{"a":"NORA_0003","b":"NORA_0009","dist_mm":1826,"min_mm":2500}}
{"ts":"2026-06-14T22:48:19Z","agent":"Natalie","event":"no_landing_chain","data":{"from":"s003","to":"s001","bfs_err":"no connected path from s003 to s001 in 196 segments — run Build to regenerate map.json"}}
{"ts":"2026-06-14T22:48:19Z","agent":"Nora","event":"no_route","data":{"nora_id":"NORA_0011","from":"s003","to":"s001","err":"live-model BFS: _build_route_json error: uninitialized constant JPods::PathJSON\n/Users/williamjames/Library/Application "}}
{"ts":"2026-06-14T22:48:43Z","agent":"Sally","event":"personal_space_violation","data":{"a":"NORA_0005","b":"NORA_0007","dist_mm":1004,"min_mm":2500}}
{"ts":"2026-06-14T22:49:06Z","agent":"Natalie","event":"no_landing_chain","data":{"from":"s004","to":"s001","bfs_err":"no connected path from s004 to s001 in 196 segments — run Build to regenerate map.json"}}
{"ts":"2026-06-14T22:49:06Z","agent":"Nora","event":"no_route","data":{"nora_id":"NORA_0013","from":"s004","to":"s001","err":"live-model BFS: _build_route_json error: uninitialized constant JPods::PathJSON\n/Users/williamjames/Library/Application "}}
{"ts":"2026-06-14T22:49:16Z","agent":"Natalie","event":"no_landing_chain","data":{"from":"s004","to":"s001","bfs_err":"no connected path from s004 to s001 in 196 segments — run Build to regenerate map.json"}}
{"ts":"2026-06-14T22:49:16Z","agent":"Nora","event":"no_route","data":{"nora_id":"NORA_0013","from":"s004","to":"s001","err":"live-model BFS: _build_route_json error: uninitialized constant JPods::PathJSON\n/Users/williamjames/Library/Application "}}
{"ts":"2026-06-14T22:49:17Z","agent":"Natalie","event":"no_landing_chain","data":{"from":"s003","to":"s001","bfs_err":"no connected path from s003 to s001 in 196 segments — run Build to regenerate map.json"}}
{"ts":"2026-06-14T22:49:17Z","agent":"Nora","event":"no_route","data":{"nora_id":"NORA_0012","from":"s003","to":"s001","err":"live-model BFS: _build_route_json error: uninitialized constant JPods::PathJSON\n/Users/williamjames/Library/Application "}}
{"ts":"2026-06-14T22:49:18Z","agent":"Sally","event":"personal_space_violation","data":{"a":"NORA_0011","b":"NORA_0013","dist_mm":1414,"min_mm":2500}}
{"ts":"2026-06-14T22:49:53Z","agent":"Natalie","event":"no_landing_chain","data":{"from":"s003","to":"s001","bfs_err":"no connected path from s003 to s001 in 184 segments — run Build to regenerate map.json"}}
{"ts":"2026-06-14T22:49:53Z","agent":"Nora","event":"no_route","data":{"nora_id":"NORA_0012","from":"s003","to":"s001","err":"live-model BFS: _build_route_json error: uninitialized constant JPods::PathJSON\n/Users/williamjames/Library/Application "}}
{"ts":"2026-06-15T03:01:54Z","agent":"Natalie","event":"no_landing_chain","data":{"from":"s002","to":"s001","bfs_err":"no connected path from s002 to s001 in 196 segments — run Build to regenerate map.json"}}
{"ts":"2026-06-15T03:01:54Z","agent":"Nora","event":"no_route","data":{"nora_id":"NORA_0001","from":"s002","to":"s001","err":"live-model BFS: _build_route_json error: uninitialized constant JPods::PathJSON\n/Users/williamjames/Library/Application "}}
{"ts":"2026-06-15T03:02:00Z","agent":"Natalie","event":"no_landing_chain","data":{"from":"s003","to":"s001","bfs_err":"no connected path from s003 to s001 in 196 segments — run Build to regenerate map.json"}}
{"ts":"2026-06-15T03:02:00Z","agent":"Nora","event":"no_route","data":{"nora_id":"NORA_0009","from":"s003","to":"s001","err":"live-model BFS: _build_route_json error: uninitialized constant JPods::PathJSON\n/Users/williamjames/Library/Application "}}
{"ts":"2026-06-15T03:02:18Z","agent":"Natalie","event":"no_landing_chain","data":{"from":"s003","to":"s001","bfs_err":"no connected path from s003 to s001 in 196 segments — run Build to regenerate map.json"}}
{"ts":"2026-06-15T03:02:18Z","agent":"Nora","event":"no_route","data":{"nora_id":"NORA_0010","from":"s003","to":"s001","err":"live-model BFS: _build_route_json error: uninitialized constant JPods::PathJSON\n/Users/williamjames/Library/Application "}}
{"ts":"2026-06-15T03:02:29Z","agent":"Natalie","event":"no_landing_chain","data":{"from":"s003","to":"s001","bfs_err":"no connected path from s003 to s001 in 196 segments — run Build to regenerate map.json"}}
{"ts":"2026-06-15T03:02:29Z","agent":"Nora","event":"no_route","data":{"nora_id":"NORA_0010","from":"s003","to":"s001","err":"live-model BFS: _build_route_json error: uninitialized constant JPods::PathJSON\n/Users/williamjames/Library/Application "}}
{"ts":"2026-06-15T03:24:38Z","agent":"Natalie","event":"no_landing_chain","data":{"from":"s004","to":"s001","bfs_err":"no connected path from s004 to s001 in 184 segments — run Build to regenerate map.json"}}
{"ts":"2026-06-15T03:24:38Z","agent":"Nora","event":"no_route","data":{"nora_id":"NORA_0011","from":"s004","to":"s001","err":"live-model BFS: _build_route_json error: uninitialized constant JPods::PathJSON\n/Users/williamjames/Library/Application "}}
{"ts":"2026-06-15T03:24:38Z","agent":"Natalie","event":"no_landing_chain","data":{"from":"s002","to":"s001","bfs_err":"no connected path from s002 to s001 in 184 segments — run Build to regenerate map.json"}}
{"ts":"2026-06-15T03:24:38Z","agent":"Nora","event":"no_route","data":{"nora_id":"NORA_0001","from":"s002","to":"s001","err":"live-model BFS: _build_route_json error: uninitialized constant JPods::PathJSON\n/Users/williamjames/Library/Application "}}
{"ts":"2026-06-15T03:24:48Z","agent":"Natalie","event":"no_landing_chain","data":{"from":"s002","to":"s001","bfs_err":"no connected path from s002 to s001 in 184 segments — run Build to regenerate map.json"}}
{"ts":"2026-06-15T03:24:48Z","agent":"Nora","event":"no_route","data":{"nora_id":"NORA_0001","from":"s002","to":"s001","err":"live-model BFS: _build_route_json error: uninitialized constant JPods::PathJSON\n/Users/williamjames/Library/Application "}}
{"ts":"2026-06-15T03:24:53Z","agent":"Natalie","event":"no_landing_chain","data":{"from":"s003","to":"s001","bfs_err":"no connected path from s003 to s001 in 184 segments — run Build to regenerate map.json"}}
{"ts":"2026-06-15T03:24:53Z","agent":"Nora","event":"no_route","data":{"nora_id":"NORA_0010","from":"s003","to":"s001","err":"live-model BFS: _build_route_json error: uninitialized constant JPods::PathJSON\n/Users/williamjames/Library/Application "}}
{"ts":"2026-06-15T03:25:03Z","agent":"Natalie","event":"no_landing_chain","data":{"from":"s003","to":"s001","bfs_err":"no connected path from s003 to s001 in 184 segments — run Build to regenerate map.json"}}
{"ts":"2026-06-15T03:25:03Z","agent":"Nora","event":"no_route","data":{"nora_id":"NORA_0010","from":"s003","to":"s001","err":"live-model BFS: _build_route_json error: uninitialized constant JPods::PathJSON\n/Users/williamjames/Library/Application "}}
{"ts":"2026-06-15T03:25:09Z","agent":"Natalie","event":"no_landing_chain","data":{"from":"s002","to":"s001","bfs_err":"no connected path from s002 to s001 in 184 segments — run Build to regenerate map.json"}}
{"ts":"2026-06-15T03:25:09Z","agent":"Nora","event":"no_route","data":{"nora_id":"NORA_0003","from":"s002","to":"s001","err":"live-model BFS: _build_route_json error: uninitialized constant JPods::PathJSON\n/Users/williamjames/Library/Application "}}
{"ts":"2026-06-15T03:25:20Z","agent":"Natalie","event":"no_landing_chain","data":{"from":"s002","to":"s001","bfs_err":"no connected path from s002 to s001 in 184 segments — run Build to regenerate map.json"}}
{"ts":"2026-06-15T03:25:20Z","agent":"Nora","event":"no_route","data":{"nora_id":"NORA_0003","from":"s002","to":"s001","err":"live-model BFS: _build_route_json error: uninitialized constant JPods::PathJSON\n/Users/williamjames/Library/Application "}}
{"ts":"2026-06-15T03:25:41Z","agent":"Natalie","event":"no_landing_chain","data":{"from":"s002","to":"s001","bfs_err":"no connected path from s002 to s001 in 184 segments — run Build to regenerate map.json"}}
{"ts":"2026-06-15T03:25:41Z","agent":"Nora","event":"no_route","data":{"nora_id":"NORA_0007","from":"s002","to":"s001","err":"live-model BFS: _build_route_json error: uninitialized constant JPods::PathJSON\n/Users/williamjames/Library/Application "}}
{"ts":"2026-06-15T03:25:41Z","agent":"Natalie","event":"no_landing_chain","data":{"from":"s004","to":"s001","bfs_err":"no connected path from s004 to s001 in 184 segments — run Build to regenerate map.json"}}
{"ts":"2026-06-15T03:25:41Z","agent":"Nora","event":"no_route","data":{"nora_id":"NORA_0009","from":"s004","to":"s001","err":"live-model BFS: _build_route_json error: uninitialized constant JPods::PathJSON\n/Users/williamjames/Library/Application "}}
{"ts":"2026-06-15T12:39:14Z","agent":"Sally","event":"personal_space_violation","data":{"a":"NORA_0002","b":"NORA_0013","dist_mm":940,"min_mm":2500}}
{"ts":"2026-06-15T22:25:31Z","agent":"Natalie","event":"no_landing_chain","data":{"from":"s004","to":"s001","bfs_err":"no connected path from s004 to s001 in 194 segments — run Build to regenerate map.json"}}
{"ts":"2026-06-15T22:25:31Z","agent":"Nora","event":"no_route","data":{"nora_id":"NORA_0011","from":"s004","to":"s001","err":"live-model BFS: _build_route_json error: [Natalie] RED FLAG: No arrival tracks into S001 CP2 (formation=traffic_circle7)"}}
{"ts":"2026-06-15T22:25:41Z","agent":"Natalie","event":"no_landing_chain","data":{"from":"s002","to":"s001","bfs_err":"no connected path from s002 to s001 in 194 segments — run Build to regenerate map.json"}}
{"ts":"2026-06-15T22:25:41Z","agent":"Nora","event":"no_route","data":{"nora_id":"NORA_0002","from":"s002","to":"s001","err":"live-model BFS: _build_route_json error: [Natalie] RED FLAG: No arrival tracks into S001 CP0 (formation=traffic_circle7)"}}
{"ts":"2026-06-15T22:25:45Z","agent":"Natalie","event":"no_landing_chain","data":{"from":"s002","to":"s001","bfs_err":"no connected path from s002 to s001 in 194 segments — run Build to regenerate map.json"}}
{"ts":"2026-06-15T22:25:45Z","agent":"Nora","event":"no_route","data":{"nora_id":"NORA_0002","from":"s002","to":"s001","err":"live-model BFS: _build_route_json error: [Natalie] RED FLAG: No arrival tracks into S001 CP0 (formation=traffic_circle7)"}}
{"ts":"2026-06-15T22:25:46Z","agent":"Natalie","event":"no_landing_chain","data":{"from":"s004","to":"s001","bfs_err":"no connected path from s004 to s001 in 194 segments — run Build to regenerate map.json"}}
{"ts":"2026-06-15T22:25:46Z","agent":"Nora","event":"no_route","data":{"nora_id":"NORA_0012","from":"s004","to":"s001","err":"live-model BFS: _build_route_json error: [Natalie] RED FLAG: No arrival tracks into S001 CP2 (formation=traffic_circle7)"}}
{"ts":"2026-06-15T22:25:56Z","agent":"Natalie","event":"no_landing_chain","data":{"from":"s002","to":"s001","bfs_err":"no connected path from s002 to s001 in 194 segments — run Build to regenerate map.json"}}
{"ts":"2026-06-15T22:25:56Z","agent":"Nora","event":"no_route","data":{"nora_id":"NORA_0002","from":"s002","to":"s001","err":"live-model BFS: _build_route_json error: [Natalie] RED FLAG: No arrival tracks into S001 CP0 (formation=traffic_circle7)"}}
{"ts":"2026-06-15T22:25:56Z","agent":"Natalie","event":"no_landing_chain","data":{"from":"s004","to":"s001","bfs_err":"no connected path from s004 to s001 in 194 segments — run Build to regenerate map.json"}}
{"ts":"2026-06-15T22:25:56Z","agent":"Nora","event":"no_route","data":{"nora_id":"NORA_0012","from":"s004","to":"s001","err":"live-model BFS: _build_route_json error: [Natalie] RED FLAG: No arrival tracks into S001 CP2 (formation=traffic_circle7)"}}
{"ts":"2026-06-15T22:26:00Z","agent":"Natalie","event":"no_landing_chain","data":{"from":"s002","to":"s001","bfs_err":"no connected path from s002 to s001 in 194 segments — run Build to regenerate map.json"}}
{"ts":"2026-06-15T22:26:00Z","agent":"Nora","event":"no_route","data":{"nora_id":"NORA_0003","from":"s002","to":"s001","err":"live-model BFS: _build_route_json error: [Natalie] RED FLAG: No arrival tracks into S001 CP0 (formation=traffic_circle7)"}}
{"ts":"2026-06-15T22:26:03Z","agent":"Natalie","event":"no_landing_chain","data":{"from":"s002","to":"s001","bfs_err":"no connected path from s002 to s001 in 194 segments — run Build to regenerate map.json"}}
{"ts":"2026-06-15T22:26:03Z","agent":"Nora","event":"no_route","data":{"nora_id":"NORA_0003","from":"s002","to":"s001","err":"live-model BFS: _build_route_json error: [Natalie] RED FLAG: No arrival tracks into S001 CP0 (formation=traffic_circle7)"}}
{"ts":"2026-06-15T22:26:07Z","agent":"Natalie","event":"no_landing_chain","data":{"from":"s002","to":"s001","bfs_err":"no connected path from s002 to s001 in 194 segments — run Build to regenerate map.json"}}
{"ts":"2026-06-15T22:26:07Z","agent":"Nora","event":"no_route","data":{"nora_id":"NORA_0003","from":"s002","to":"s001","err":"live-model BFS: _build_route_json error: [Natalie] RED FLAG: No arrival tracks into S001 CP0 (formation=traffic_circle7)"}}
{"ts":"2026-06-16T05:13:54Z","agent":"Natalie","event":"no_landing_chain","data":{"from":"s003","to":"s002","bfs_err":"no connected path from s003 to s002 in 200 segments — run Build to regenerate map.json"}}
{"ts":"2026-06-16T05:13:54Z","agent":"Nora","event":"no_route","data":{"nora_id":"NORA_0008","from":"s003","to":"s002","err":"live-model BFS: _build_route_json error: [Natalie] RED FLAG: No departure tracks from S003 CP1 (formation=station_thru_d"}}
{"ts":"2026-06-16T05:13:55Z","agent":"Natalie","event":"no_landing_chain","data":{"from":"s002","to":"s004","bfs_err":"no connected path from s002 to s004 in 200 segments — run Build to regenerate map.json"}}
{"ts":"2026-06-16T05:13:55Z","agent":"Nora","event":"no_route","data":{"nora_id":"NORA_0001","from":"s002","to":"s004","err":"live-model BFS: _build_route_json error: [Natalie] RED FLAG: No departure tracks from S002 CP1 (formation=JPods_station_"}}
{"ts":"2026-06-16T05:14:09Z","agent":"Natalie","event":"no_landing_chain","data":{"from":"s003","to":"s002","bfs_err":"no connected path from s003 to s002 in 200 segments — run Build to regenerate map.json"}}
{"ts":"2026-06-16T05:14:09Z","agent":"Nora","event":"no_route","data":{"nora_id":"NORA_0008","from":"s003","to":"s002","err":"live-model BFS: _build_route_json error: [Natalie] RED FLAG: No departure tracks from S003 CP1 (formation=station_thru_d"}}
{"ts":"2026-06-16T05:14:09Z","agent":"Natalie","event":"no_landing_chain","data":{"from":"s002","to":"s001","bfs_err":"no connected path from s002 to s001 in 200 segments — run Build to regenerate map.json"}}
{"ts":"2026-06-16T05:14:09Z","agent":"Nora","event":"no_route","data":{"nora_id":"NORA_0001","from":"s002","to":"s001","err":"live-model BFS: _build_route_json error: [Natalie] RED FLAG: No departure tracks from S002 CP1 (formation=JPods_station_"}}
{"ts":"2026-06-16T05:26:47Z","agent":"Natalie","event":"no_landing_chain","data":{"from":"s006","to":"s007","bfs_err":"no connected path from s006 to s007 in 110 segments — run Build to regenerate map.json"}}
{"ts":"2026-06-16T05:26:47Z","agent":"Natalie","event":"no_landing_chain","data":{"from":"s006","to":"s007","bfs_err":"no connected path from s006 to s007 in 110 segments — run Build to regenerate map.json"}}
{"ts":"2026-06-16T05:26:47Z","agent":"Natalie","event":"no_landing_chain","data":{"from":"s006","to":"s007","bfs_err":"no connected path from s006 to s007 in 110 segments — run Build to regenerate map.json"}}
{"ts":"2026-06-16T05:26:47Z","agent":"Natalie","event":"no_landing_chain","data":{"from":"s007","to":"s006","bfs_err":"no connected path from s007 to s006 in 110 segments — run Build to regenerate map.json"}}
{"ts":"2026-06-16T05:26:47Z","agent":"Natalie","event":"no_landing_chain","data":{"from":"s007","to":"s006","bfs_err":"no connected path from s007 to s006 in 110 segments — run Build to regenerate map.json"}}
{"ts":"2026-06-16T05:26:47Z","agent":"Natalie","event":"no_landing_chain","data":{"from":"s007","to":"s006","bfs_err":"no connected path from s007 to s006 in 110 segments — run Build to regenerate map.json"}}
{"ts":"2026-06-16T05:27:05Z","agent":"Natalie","event":"no_landing_chain","data":{"from":"s006","to":"s007","bfs_err":"no connected path from s006 to s007 in 114 segments — run Build to regenerate map.json"}}
{"ts":"2026-06-16T05:27:06Z","agent":"Nora","event":"no_route","data":{"nora_id":"NORA_0001","from":"s006","to":"s007","err":"live-model BFS: _build_route_json error: [Natalie] RED FLAG: No departure tracks from S006 CP0 (formation=station_thru_d"}}
{"ts":"2026-06-16T05:27:06Z","agent":"Natalie","event":"no_landing_chain","data":{"from":"s007","to":"s006","bfs_err":"no connected path from s007 to s006 in 114 segments — run Build to regenerate map.json"}}
{"ts":"2026-06-16T05:27:06Z","agent":"Nora","event":"no_route","data":{"nora_id":"NORA_0004","from":"s007","to":"s006","err":"live-model BFS: _build_route_json error: [Natalie] RED FLAG: No departure tracks from S007 CP0 (formation=station_thru_d"}}
{"ts":"2026-06-16T05:28:09Z","agent":"Natalie","event":"no_landing_chain","data":{"from":"s006","to":"s007","bfs_err":"no connected path from s006 to s007 in 114 segments — run Build to regenerate map.json"}}
{"ts":"2026-06-16T05:28:09Z","agent":"Nora","event":"no_route","data":{"nora_id":"NORA_0001","from":"s006","to":"s007","err":"live-model BFS: _build_route_json error: [Natalie] RED FLAG: No departure tracks from S006 CP0 (formation=station_thru_d"}}
{"ts":"2026-06-16T05:28:09Z","agent":"Natalie","event":"no_landing_chain","data":{"from":"s007","to":"s006","bfs_err":"no connected path from s007 to s006 in 114 segments — run Build to regenerate map.json"}}
{"ts":"2026-06-16T05:28:09Z","agent":"Nora","event":"no_route","data":{"nora_id":"NORA_0004","from":"s007","to":"s006","err":"live-model BFS: _build_route_json error: [Natalie] RED FLAG: No departure tracks from S007 CP0 (formation=station_thru_d"}}
