{"ts":"13:26:32","tk":1480,"pods":[{"id":"NORA_0003","s":"w","p":[515,-1039,5726]},{"id":"NORA_0002","s":"w","p":[-1985,-1039,5726]},{"id":"NORA_0001","s":"p","p":[3015,-1039,5726]}]}
{"ts":"13:26:32","tk":1490,"pods":[{"id":"NORA_0003","s":"w","p":[515,-1039,5726]},{"id":"NORA_0002","s":"w","p":[-1985,-1039,5726]},{"id":"NORA_0001","s":"p","p":[3015,-1039,5726]}]}
{"ts":"13:26:33","tk":1500,"pods":[{"id":"NORA_0003","s":"w","p":[515,-1039,5726]},{"id":"NORA_0002","s":"w","p":[-1985,-1039,5726]},{"id":"NORA_0001","s":"p","p":[3015,-1039,5726]}]}
{"ts":"13:26:33","tk":1510,"pods":[{"id":"NORA_0003","s":"w","p":[515,-1039,5726]},{"id":"NORA_0002","s":"w","p":[-1985,-1039,5726]},{"id":"NORA_0001","s":"p","p":[3015,-1039,5726]}]}
{"ts":"13:26:34","tk":1520,"pods":[{"id":"NORA_0003","s":"w","p":[515,-1039,5726]},{"id":"NORA_0002","s":"w","p":[-1985,-1039,5726]},{"id":"NORA_0001","s":"p","p":[3015,-1039,5726]}]}
{"ts":"13:26:34","tk":1530,"pods":[{"id":"NORA_0003","s":"w","p":[515,-1039,5726]},{"id":"NORA_0002","s":"w","p":[-1985,-1039,5726]},{"id":"NORA_0001","s":"p","p":[3015,-1039,5726]}]}
{"ts":"13:26:35","tk":1540,"pods":[{"id":"NORA_0003","s":"w","p":[515,-1039,5726]},{"id":"NORA_0002","s":"w","p":[-1985,-1039,5726]},{"id":"NORA_0001","s":"p","p":[3015,-1039,5726]}]}
{"ts":"13:26:35","tk":1550,"pods":[{"id":"NORA_0003","s":"w","p":[515,-1039,5726]},{"id":"NORA_0002","s":"w","p":[-1985,-1039,5726]},{"id":"NORA_0001","s":"p","p":[3015,-1039,5726]}]}
{"ts":"13:26:35","tk":1560,"pods":[{"id":"NORA_0003","s":"w","p":[515,-1039,5726]},{"id":"NORA_0002","s":"w","p":[-1985,-1039,5726]},{"id":"NORA_0001","s":"p","p":[3015,-1039,5726]}]}
{"ts":"13:26:36","tk":1570,"pods":[{"id":"NORA_0003","s":"w","p":[515,-1039,5726]},{"id":"NORA_0002","s":"w","p":[-1985,-1039,5726]},{"id":"NORA_0001","s":"p","p":[3015,-1039,5726]}]}
{"ts":"13:26:36","tk":1580,"pods":[{"id":"NORA_0003","s":"w","p":[515,-1039,5726]},{"id":"NORA_0002","s":"w","p":[-1985,-1039,5726]},{"id":"NORA_0001","s":"p","p":[3015,-1039,5726]}]}
{"ts":"13:26:37","tk":1590,"pods":[{"id":"NORA_0003","s":"w","p":[515,-1039,5726]},{"id":"NORA_0002","s":"w","p":[-1985,-1039,5726]},{"id":"NORA_0001","s":"p","p":[3015,-1039,5726]}]}
{"ts":"13:26:37","tk":1600,"pods":[{"id":"NORA_0003","s":"w","p":[515,-1039,5726]},{"id":"NORA_0002","s":"w","p":[-1985,-1039,5726]},{"id":"NORA_0001","s":"p","p":[3015,-1039,5726]}]}
{"ts":"13:26:37","tk":1610,"pods":[{"id":"NORA_0003","s":"w","p":[515,-1039,5726]},{"id":"NORA_0002","s":"w","p":[-1985,-1039,5726]},{"id":"NORA_0001","s":"p","p":[3015,-1039,5726]}]}
{"ts":"13:26:38","tk":1620,"pods":[{"id":"NORA_0003","s":"w","p":[515,-1039,5726]},{"id":"NORA_0002","s":"w","p":[-1985,-1039,5726]},{"id":"NORA_0001","s":"p","p":[3015,-1039,5726]}]}
{"ts":"13:26:38","tk":1630,"pods":[{"id":"NORA_0003","s":"w","p":[515,-1039,5726]},{"id":"NORA_0002","s":"w","p":[-1985,-1039,5726]},{"id":"NORA_0001","s":"p","p":[3015,-1039,5726]}]}
{"ts":"13:26:39","tk":1640,"pods":[{"id":"NORA_0003","s":"w","p":[515,-1039,5726]},{"id":"NORA_0002","s":"w","p":[-1985,-1039,5726]},{"id":"NORA_0001","s":"p","p":[3015,-1039,5726]}]}
{"ts":"13:26:39","tk":1650,"pods":[{"id":"NORA_0003","s":"w","p":[515,-1039,5726]},{"id":"NORA_0002","s":"w","p":[-1985,-1039,5726]},{"id":"NORA_0001","s":"p","p":[3015,-1039,5726]}]}
{"ts":"13:26:40","tk":1660,"pods":[{"id":"NORA_0003","s":"w","p":[515,-1039,5726]},{"id":"NORA_0002","s":"w","p":[-1985,-1039,5726]},{"id":"NORA_0001","s":"p","p":[3015,-1039,5726]}]}
{"ts":"13:26:40","tk":1670,"pods":[{"id":"NORA_0003","s":"w","p":[515,-1039,5726]},{"id":"NORA_0002","s":"w","p":[-1985,-1039,5726]},{"id":"NORA_0001","s":"p","p":[3015,-1039,5726]}]}
{"ts":"13:26:40","tk":1680,"pods":[{"id":"NORA_0003","s":"w","p":[515,-1039,5726]},{"id":"NORA_0002","s":"w","p":[-1985,-1039,5726]},{"id":"NORA_0001","s":"p","p":[3015,-1039,5726]}]}
{"ts":"13:26:41","tk":1690,"pods":[{"id":"NORA_0003","s":"w","p":[515,-1039,5726]},{"id":"NORA_0002","s":"w","p":[-1985,-1039,5726]},{"id":"NORA_0001","s":"p","p":[3015,-1039,5726]}]}
{"ts":"13:26:41","tk":1700,"pods":[{"id":"NORA_0003","s":"w","p":[515,-1039,5726]},{"id":"NORA_0002","s":"w","p":[-1985,-1039,5726]},{"id":"NORA_0001","s":"p","p":[3015,-1039,5726]}]}
{"ts":"13:26:42","tk":1710,"pods":[{"id":"NORA_0003","s":"w","p":[515,-1039,5726]},{"id":"NORA_0002","s":"w","p":[-1985,-1039,5726]},{"id":"NORA_0001","s":"p","p":[3015,-1039,5726]}]}
{"ts":"13:26:42","tk":1720,"pods":[{"id":"NORA_0003","s":"w","p":[515,-1039,5726]},{"id":"NORA_0002","s":"w","p":[-1985,-1039,5726]},{"id":"NORA_0001","s":"p","p":[3015,-1039,5726]}]}
{"ts":"13:26:43","tk":1730,"pods":[{"id":"NORA_0003","s":"w","p":[515,-1039,5726]},{"id":"NORA_0002","s":"w","p":[-1985,-1039,5726]},{"id":"NORA_0001","s":"p","p":[3015,-1039,5726]}]}
{"ts":"13:26:43","tk":1740,"pods":[{"id":"NORA_0003","s":"w","p":[515,-1039,5726]},{"id":"NORA_0002","s":"w","p":[-1985,-1039,5726]},{"id":"NORA_0001","s":"p","p":[3015,-1039,5726]}]}
{"ts":"13:26:43","tk":1750,"pods":[{"id":"NORA_0003","s":"w","p":[515,-1039,5726]},{"id":"NORA_0002","s":"w","p":[-1985,-1039,5726]},{"id":"NORA_0001","s":"p","p":[3015,-1039,5726]}]}
{"ts":"13:26:44","tk":1760,"pods":[{"id":"NORA_0003","s":"w","p":[515,-1039,5726]},{"id":"NORA_0002","s":"w","p":[-1985,-1039,5726]},{"id":"NORA_0001","s":"p","p":[3015,-1039,5726]}]}
{"ts":"13:26:44","tk":1770,"pods":[{"id":"NORA_0003","s":"w","p":[515,-1039,5726]},{"id":"NORA_0002","s":"w","p":[-1985,-1039,5726]},{"id":"NORA_0001","s":"p","p":[3015,-1039,5726]}]}
{"ts":"13:26:45","tk":1780,"pods":[{"id":"NORA_0003","s":"w","p":[515,-1039,5726]},{"id":"NORA_0002","s":"w","p":[-1985,-1039,5726]},{"id":"NORA_0001","s":"p","p":[3015,-1039,5726]}]}
{"ts":"13:26:45","tk":1790,"pods":[{"id":"NORA_0003","s":"w","p":[515,-1039,5726]},{"id":"NORA_0002","s":"w","p":[-1985,-1039,5726]},{"id":"NORA_0001","s":"p","p":[3015,-1039,5726]}]}
{"ts":"13:26:46","tk":1800,"pods":[{"id":"NORA_0003","s":"w","p":[515,-1039,5726]},{"id":"NORA_0002","s":"w","p":[-1985,-1039,5726]},{"id":"NORA_0001","s":"p","p":[3015,-1039,5726]}]}
{"ts":"13:26:46","tk":1810,"pods":[{"id":"NORA_0003","s":"w","p":[515,-1039,5726]},{"id":"NORA_0002","s":"w","p":[-1985,-1039,5726]},{"id":"NORA_0001","s":"p","p":[3015,-1039,5726]}]}
{"ts":"13:29:41","tk":10,"pods":[{"id":"NORA_0003","s":"w","p":[3015,-1039,5726]},{"id":"NORA_0002","s":"w","p":[515,-1039,5726]},{"id":"NORA_0001","s":"w","p":[-1985,-1039,5726]}]}
{"ts":"13:29:41","tk":20,"pods":[{"id":"NORA_0003","s":"w","p":[3015,-1039,5726]},{"id":"NORA_0002","s":"w","p":[515,-1039,5726]},{"id":"NORA_0001","s":"w","p":[-1985,-1039,5726]}]}
{"ts":"13:29:42","tk":30,"pods":[{"id":"NORA_0003","s":"w","p":[3015,-1039,5726]},{"id":"NORA_0002","s":"w","p":[515,-1039,5726]},{"id":"NORA_0001","s":"w","p":[-1985,-1039,5726]}]}
{"ts":"13:29:42","tk":40,"pods":[{"id":"NORA_0003","s":"w","p":[3015,-1039,5726]},{"id":"NORA_0002","s":"w","p":[515,-1039,5726]},{"id":"NORA_0001","s":"w","p":[-1985,-1039,5726]}]}
{"ts":"13:29:43","tk":50,"pods":[{"id":"NORA_0003","s":"w","p":[3015,-1039,5726]},{"id":"NORA_0002","s":"w","p":[515,-1039,5726]},{"id":"NORA_0001","s":"t","p":[-2690,-1039,5726],"m":"station_thru_dip.hold_loop[12/12]","t":0.5}]}
{"ts":"13:29:43","tk":60,"pods":[{"id":"NORA_0003","s":"w","p":[3015,-1039,5726]},{"id":"NORA_0002","s":"w","p":[515,-1039,5726]},{"id":"NORA_0001","s":"t","p":[-6283,-1131,5782],"m":"station_thru_dip.hold_loop[12/12]","t":3.0}]}
{"ts":"13:29:43","tk":70,"pods":[{"id":"NORA_0003","s":"w","p":[3015,-1039,5726]},{"id":"NORA_0002","s":"w","p":[515,-1039,5726]},{"id":"NORA_0001","s":"t","p":[-9771,-1727,6151],"m":"station_thru_dip.hold_loop[12/12]","t":5.6}]}
{"ts":"13:29:44","tk":80,"pods":[{"id":"NORA_0003","s":"w","p":[3015,-1039,5726]},{"id":"NORA_0002","s":"t","p":[169,-1039,5726],"m":"station_thru_dip.gw_platform_advance_ps3_to_ps4","t":13.8},{"id":"NORA_0001","s":"t","p":[-13234,-2652,6721],"m":"station_thru_dip.hold_loop[12/12]","t":8.1}]}
{"ts":"13:29:44","tk":90,"pods":[{"id":"NORA_0003","s":"w","p":[3015,-1039,5726]},{"id":"NORA_0002","s":"w","p":[-1985,-1039,5726]},{"id":"NORA_0001","s":"t","p":[-16950,-3684,7358],"m":"station_thru_dip.hold_loop[12/12]","t":10.9}]}
{"ts":"13:29:45","tk":100,"pods":[{"id":"NORA_0003","s":"w","p":[3015,-1039,5726]},{"id":"NORA_0002","s":"w","p":[-1985,-1039,5726]},{"id":"NORA_0001","s":"t","p":[-20908,-4428,7817],"m":"station_thru_dip.hold_loop[12/12]","t":13.8}]}
{"ts":"13:29:45","tk":110,"pods":[{"id":"NORA_0003","s":"w","p":[3015,-1039,5726]},{"id":"NORA_0002","s":"w","p":[-1985,-1039,5726]},{"id":"NORA_0001","s":"t","p":[-24532,-4539,7886],"m":"station_thru_dip.hold_loop[12/12]","t":16.3}]}
{"ts":"13:29:46","tk":120,"pods":[{"id":"NORA_0003","s":"w","p":[3015,-1039,5726]},{"id":"NORA_0002","s":"w","p":[-1985,-1039,5726]},{"id":"NORA_0001","s":"t","p":[-27151,-6277,7886],"m":"station_thru_dip.hold_loop[12/12]","t":18.9}]}
{"ts":"13:29:46","tk":130,"pods":[{"id":"NORA_0003","s":"t","p":[1212,-1039,5726],"m":"station_thru_dip.gw_platform_advance_ps2_to_ps3","t":72.1},{"id":"NORA_0002","s":"w","p":[-1985,-1039,5726]},{"id":"NORA_0001","s":"t","p":[-24508,-8039,7886],"m":"station_thru_dip.hold_loop[12/12]","t":21.5}]}
{"ts":"13:29:47","tk":140,"pods":[{"id":"NORA_0003","s":"w","p":[515,-1039,5726]},{"id":"NORA_0002","s":"w","p":[-1985,-1039,5726]},{"id":"NORA_0001","s":"t","p":[-20196,-8039,7886],"m":"station_thru_dip.hold_loop[12/12]","t":24.5}]}
{"ts":"13:29:47","tk":150,"pods":[{"id":"NORA_0003","s":"w","p":[515,-1039,5726]},{"id":"NORA_0002","s":"w","p":[-1985,-1039,5726]},{"id":"NORA_0001","s":"t","p":[-16609,-8039,7886],"m":"station_thru_dip.hold_loop[12/12]","t":27.1}]}
{"ts":"13:29:48","tk":160,"pods":[{"id":"NORA_0003","s":"w","p":[515,-1039,5726]},{"id":"NORA_0002","s":"w","p":[-1985,-1039,5726]},{"id":"NORA_0001","s":"t","p":[-13003,-8039,7886],"m":"station_thru_dip.hold_loop[12/12]","t":29.6}]}
{"ts":"13:29:48","tk":170,"pods":[{"id":"NORA_0003","s":"w","p":[515,-1039,5726]},{"id":"NORA_0002","s":"w","p":[-1985,-1039,5726]},{"id":"NORA_0001","s":"t","p":[-9416,-8039,7886],"m":"station_thru_dip.hold_loop[12/12]","t":32.2}]}
{"ts":"13:29:48","tk":180,"pods":[{"id":"NORA_0003","s":"w","p":[515,-1039,5726]},{"id":"NORA_0002","s":"w","p":[-1985,-1039,5726]},{"id":"NORA_0001","s":"t","p":[-5820,-8039,7886],"m":"station_thru_dip.hold_loop[12/12]","t":34.7}]}
{"ts":"13:29:49","tk":190,"pods":[{"id":"NORA_0003","s":"w","p":[515,-1039,5726]},{"id":"NORA_0002","s":"w","p":[-1985,-1039,5726]},{"id":"NORA_0001","s":"t","p":[-1774,-8039,7886],"m":"station_thru_dip.hold_loop[12/12]","t":37.6}]}
{"ts":"13:29:49","tk":200,"pods":[{"id":"NORA_0003","s":"w","p":[515,-1039,5726]},{"id":"NORA_0002","s":"w","p":[-1985,-1039,5726]},{"id":"NORA_0001","s":"t","p":[1825,-8039,7886],"m":"station_thru_dip.hold_loop[12/12]","t":40.1}]}
{"ts":"13:29:50","tk":210,"pods":[{"id":"NORA_0003","s":"w","p":[515,-1039,5726]},{"id":"NORA_0002","s":"w","p":[-1985,-1039,5726]},{"id":"NORA_0001","s":"t","p":[5418,-8039,7886],"m":"station_thru_dip.hold_loop[12/12]","t":42.7}]}
{"ts":"13:29:50","tk":220,"pods":[{"id":"NORA_0003","s":"w","p":[515,-1039,5726]},{"id":"NORA_0002","s":"w","p":[-1985,-1039,5726]},{"id":"NORA_0001","s":"t","p":[9014,-8039,7886],"m":"station_thru_dip.hold_loop[12/12]","t":45.2}]}
{"ts":"13:29:51","tk":230,"pods":[{"id":"NORA_0003","s":"w","p":[515,-1039,5726]},{"id":"NORA_0002","s":"w","p":[-1985,-1039,5726]},{"id":"NORA_0001","s":"t","p":[13041,-8039,7886],"m":"station_thru_dip.hold_loop[12/12]","t":48.1}]}
{"ts":"13:29:51","tk":240,"pods":[{"id":"NORA_0003","s":"w","p":[515,-1039,5726]},{"id":"NORA_0002","s":"w","p":[-1985,-1039,5726]},{"id":"NORA_0001","s":"t","p":[16624,-8039,7886],"m":"station_thru_dip.hold_loop[12/12]","t":50.6}]}
{"ts":"13:29:52","tk":250,"pods":[{"id":"NORA_0003","s":"w","p":[515,-1039,5726]},{"id":"NORA_0002","s":"w","p":[-1985,-1039,5726]},{"id":"NORA_0001","s":"t","p":[20227,-8039,7886],"m":"station_thru_dip.hold_loop[12/12]","t":53.1}]}
{"ts":"13:29:52","tk":260,"pods":[{"id":"NORA_0003","s":"w","p":[515,-1039,5726]},{"id":"NORA_0002","s":"w","p":[-1985,-1039,5726]},{"id":"NORA_0001","s":"t","p":[23823,-8039,7886],"m":"station_thru_dip.hold_loop[12/12]","t":55.7}]}
{"ts":"13:29:52","tk":270,"pods":[{"id":"NORA_0003","s":"w","p":[515,-1039,5726]},{"id":"NORA_0002","s":"w","p":[-1985,-1039,5726]},{"id":"NORA_0001","s":"t","p":[27417,-8039,7886],"m":"station_thru_dip.hold_loop[12/12]","t":58.2}]}
{"ts":"13:29:53","tk":280,"pods":[{"id":"NORA_0003","s":"w","p":[515,-1039,5726]},{"id":"NORA_0002","s":"w","p":[-1985,-1039,5726]},{"id":"NORA_0001","s":"t","p":[31457,-8039,7886],"m":"station_thru_dip.hold_loop[12/12]","t":61.1}]}
{"ts":"13:29:53","tk":290,"pods":[{"id":"NORA_0003","s":"w","p":[515,-1039,5726]},{"id":"NORA_0002","s":"w","p":[-1985,-1039,5726]},{"id":"NORA_0001","s":"t","p":[35102,-8039,7886],"m":"station_thru_dip.hold_loop[12/12]","t":63.7}]}
{"ts":"13:29:54","tk":300,"pods":[{"id":"NORA_0003","s":"w","p":[515,-1039,5726]},{"id":"NORA_0002","s":"w","p":[-1985,-1039,5726]},{"id":"NORA_0001","s":"t","p":[38699,-8039,7886],"m":"station_thru_dip.hold_loop[12/12]","t":66.2}]}
{"ts":"13:29:54","tk":310,"pods":[{"id":"NORA_0003","s":"w","p":[515,-1039,5726]},{"id":"NORA_0002","s":"w","p":[-1985,-1039,5726]},{"id":"NORA_0001","s":"t","p":[42299,-8039,7886],"m":"station_thru_dip.hold_loop[12/12]","t":68.8}]}
{"ts":"13:29:55","tk":320,"pods":[{"id":"NORA_0003","s":"w","p":[515,-1039,5726]},{"id":"NORA_0002","s":"w","p":[-1985,-1039,5726]},{"id":"NORA_0001","s":"t","p":[45258,-6129,7886],"m":"station_thru_dip.hold_loop[12/12]","t":71.7}]}
{"ts":"13:29:55","tk":330,"pods":[{"id":"NORA_0003","s":"w","p":[515,-1039,5726]},{"id":"NORA_0002","s":"w","p":[-1985,-1039,5726]},{"id":"NORA_0001","s":"t","p":[42476,-4539,7886],"m":"station_thru_dip.hold_loop[12/12]","t":74.3}]}
{"ts":"13:29:56","tk":340,"pods":[{"id":"NORA_0003","s":"w","p":[515,-1039,5726]},{"id":"NORA_0002","s":"w","p":[-1985,-1039,5726]},{"id":"NORA_0001","s":"t","p":[38887,-4539,7886],"m":"station_thru_dip.hold_loop[12/12]","t":76.8}]}
{"ts":"13:29:56","tk":350,"pods":[{"id":"NORA_0003","s":"w","p":[515,-1039,5726]},{"id":"NORA_0002","s":"w","p":[-1985,-1039,5726]},{"id":"NORA_0001","s":"t","p":[35290,-4539,7886],"m":"station_thru_dip.hold_loop[12/12]","t":79.3}]}
{"ts":"13:29:56","tk":360,"pods":[{"id":"NORA_0003","s":"w","p":[515,-1039,5726]},{"id":"NORA_0002","s":"w","p":[-1985,-1039,5726]},{"id":"NORA_0001","s":"t","p":[31575,-4306,7742],"m":"station_thru_dip.hold_loop[12/12]","t":82.0}]}
{"ts":"13:29:57","tk":370,"pods":[{"id":"NORA_0003","s":"w","p":[515,-1039,5726]},{"id":"NORA_0002","s":"w","p":[-1985,-1039,5726]},{"id":"NORA_0001","s":"t","p":[27736,-3260,7096],"m":"station_thru_dip.hold_loop[12/12]","t":84.9}]}
{"ts":"13:29:57","tk":380,"pods":[{"id":"NORA_0003","s":"w","p":[515,-1039,5726]},{"id":"NORA_0002","s":"w","p":[-1985,-1039,5726]},{"id":"NORA_0001","s":"t","p":[24411,-2117,6391],"m":"station_thru_dip.hold_loop[12/12]","t":87.4}]}
{"ts":"13:29:58","tk":390,"pods":[{"id":"NORA_0003","s":"w","p":[515,-1039,5726]},{"id":"NORA_0002","s":"w","p":[-1985,-1039,5726]},{"id":"NORA_0001","s":"t","p":[20963,-1234,5846],"m":"station_thru_dip.hold_loop[12/12]","t":89.9}]}
{"ts":"13:29:58","tk":400,"pods":[{"id":"NORA_0003","s":"w","p":[515,-1039,5726]},{"id":"NORA_0002","s":"w","p":[-1985,-1039,5726]},{"id":"NORA_0001","s":"t","p":[17379,-1039,5726],"m":"station_thru_dip.hold_loop[12/12]","t":92.5}]}
{"ts":"13:29:59","tk":410,"pods":[{"id":"NORA_0003","s":"w","p":[515,-1039,5726]},{"id":"NORA_0002","s":"w","p":[-1985,-1039,5726]},{"id":"NORA_0001","s":"t","p":[13328,-1039,5726],"m":"station_thru_dip.hold_loop[12/12]","t":95.4}]}
{"ts":"13:29:59","tk":420,"pods":[{"id":"NORA_0003","s":"w","p":[515,-1039,5726]},{"id":"NORA_0002","s":"w","p":[-1985,-1039,5726]},{"id":"NORA_0001","s":"t","p":[9730,-1039,5726],"m":"station_thru_dip.hold_loop[12/12]","t":97.9}]}
{"ts":"13:30:00","tk":430,"pods":[{"id":"NORA_0003","s":"w","p":[515,-1039,5726]},{"id":"NORA_0002","s":"w","p":[-1985,-1039,5726]},{"id":"NORA_0001","s":"t","p":[6419,-1039,5726],"m":"station_thru_dip.gw_platform_park_ps2","t":9.2}]}
{"ts":"13:30:00","tk":440,"pods":[{"id":"NORA_0003","s":"w","p":[515,-1039,5726]},{"id":"NORA_0002","s":"w","p":[-1985,-1039,5726]},{"id":"NORA_0001","s":"a","p":[3015,-1039,5726],"m":"station_thru_dip.gw_platform_park_ps2"}]}
{"ts":"13:30:01","tk":450,"pods":[{"id":"NORA_0003","s":"w","p":[515,-1039,5726]},{"id":"NORA_0002","s":"w","p":[-1985,-1039,5726]},{"id":"NORA_0001","s":"p","p":[3015,-1039,5726]}]}
{"ts":"13:30:01","tk":460,"pods":[{"id":"NORA_0003","s":"w","p":[515,-1039,5726]},{"id":"NORA_0002","s":"w","p":[-1985,-1039,5726]},{"id":"NORA_0001","s":"p","p":[3015,-1039,5726]}]}
{"ts":"13:30:02","tk":470,"pods":[{"id":"NORA_0003","s":"w","p":[515,-1039,5726]},{"id":"NORA_0002","s":"w","p":[-1985,-1039,5726]},{"id":"NORA_0001","s":"p","p":[3015,-1039,5726]}]}
{"ts":"13:30:02","tk":480,"pods":[{"id":"NORA_0003","s":"w","p":[515,-1039,5726]},{"id":"NORA_0002","s":"w","p":[-1985,-1039,5726]},{"id":"NORA_0001","s":"p","p":[3015,-1039,5726]}]}
{"ts":"13:30:02","tk":490,"pods":[{"id":"NORA_0003","s":"w","p":[515,-1039,5726]},{"id":"NORA_0002","s":"w","p":[-1985,-1039,5726]},{"id":"NORA_0001","s":"p","p":[3015,-1039,5726]}]}
{"ts":"13:30:03","tk":500,"pods":[{"id":"NORA_0003","s":"w","p":[515,-1039,5726]},{"id":"NORA_0002","s":"w","p":[-1985,-1039,5726]},{"id":"NORA_0001","s":"p","p":[3015,-1039,5726]}]}
{"ts":"13:30:03","tk":510,"pods":[{"id":"NORA_0003","s":"w","p":[515,-1039,5726]},{"id":"NORA_0002","s":"w","p":[-1985,-1039,5726]},{"id":"NORA_0001","s":"p","p":[3015,-1039,5726]}]}
{"ts":"13:30:04","tk":520,"pods":[{"id":"NORA_0003","s":"w","p":[515,-1039,5726]},{"id":"NORA_0002","s":"w","p":[-1985,-1039,5726]},{"id":"NORA_0001","s":"p","p":[3015,-1039,5726]}]}
{"ts":"13:30:04","tk":530,"pods":[{"id":"NORA_0003","s":"w","p":[515,-1039,5726]},{"id":"NORA_0002","s":"w","p":[-1985,-1039,5726]},{"id":"NORA_0001","s":"p","p":[3015,-1039,5726]}]}
{"ts":"13:30:05","tk":540,"pods":[{"id":"NORA_0003","s":"w","p":[515,-1039,5726]},{"id":"NORA_0002","s":"w","p":[-1985,-1039,5726]},{"id":"NORA_0001","s":"p","p":[3015,-1039,5726]}]}
{"ts":"13:30:05","tk":550,"pods":[{"id":"NORA_0003","s":"w","p":[515,-1039,5726]},{"id":"NORA_0002","s":"w","p":[-1985,-1039,5726]},{"id":"NORA_0001","s":"p","p":[3015,-1039,5726]}]}
{"ts":"13:30:05","tk":560,"pods":[{"id":"NORA_0003","s":"w","p":[515,-1039,5726]},{"id":"NORA_0002","s":"w","p":[-1985,-1039,5726]},{"id":"NORA_0001","s":"p","p":[3015,-1039,5726]}]}
{"ts":"13:30:06","tk":570,"pods":[{"id":"NORA_0003","s":"w","p":[515,-1039,5726]},{"id":"NORA_0002","s":"w","p":[-1985,-1039,5726]},{"id":"NORA_0001","s":"p","p":[3015,-1039,5726]}]}
{"ts":"13:30:09","tk":10,"pods":[{"id":"NORA_0003","s":"w","p":[3015,-1039,5726]},{"id":"NORA_0002","s":"w","p":[515,-1039,5726]},{"id":"NORA_0001","s":"w","p":[-1985,-1039,5726]}]}
{"ts":"13:30:09","tk":20,"pods":[{"id":"NORA_0003","s":"w","p":[3015,-1039,5726]},{"id":"NORA_0002","s":"w","p":[515,-1039,5726]},{"id":"NORA_0001","s":"w","p":[-1985,-1039,5726]}]}
{"ts":"13:30:10","tk":30,"pods":[{"id":"NORA_0003","s":"w","p":[3015,-1039,5726]},{"id":"NORA_0002","s":"w","p":[515,-1039,5726]},{"id":"NORA_0001","s":"w","p":[-1985,-1039,5726]}]}
{"ts":"13:30:10","tk":40,"pods":[{"id":"NORA_0003","s":"w","p":[3015,-1039,5726]},{"id":"NORA_0002","s":"w","p":[515,-1039,5726]},{"id":"NORA_0001","s":"w","p":[-1985,-1039,5726]}]}
{"ts":"13:30:11","tk":50,"pods":[{"id":"NORA_0003","s":"w","p":[3015,-1039,5726]},{"id":"NORA_0002","s":"w","p":[515,-1039,5726]},{"id":"NORA_0001","s":"t","p":[-2691,-1039,5726],"m":"station_thru_dip.hold_loop[12/12]","t":0.5}]}
{"ts":"13:30:11","tk":60,"pods":[{"id":"NORA_0003","s":"w","p":[3015,-1039,5726]},{"id":"NORA_0002","s":"w","p":[515,-1039,5726]},{"id":"NORA_0001","s":"t","p":[-6289,-1131,5783],"m":"station_thru_dip.hold_loop[12/12]","t":3.0}]}
{"ts":"13:30:12","tk":70,"pods":[{"id":"NORA_0003","s":"w","p":[3015,-1039,5726]},{"id":"NORA_0002","s":"w","p":[515,-1039,5726]},{"id":"NORA_0001","s":"t","p":[-9793,-1732,6154],"m":"station_thru_dip.hold_loop[12/12]","t":5.6}]}
{"ts":"13:30:12","tk":80,"pods":[{"id":"NORA_0003","s":"w","p":[3015,-1039,5726]},{"id":"NORA_0002","s":"w","p":[515,-1039,5726]},{"id":"NORA_0001","s":"t","p":[-13274,-2663,6728],"m":"station_thru_dip.hold_loop[12/12]","t":8.2}]}
{"ts":"13:30:13","tk":90,"pods":[{"id":"NORA_0003","s":"w","p":[3015,-1039,5726]},{"id":"NORA_0002","s":"w","p":[515,-1039,5726]},{"id":"NORA_0001","s":"t","p":[-16697,-3618,7318],"m":"station_thru_dip.hold_loop[12/12]","t":10.7}]}
{"ts":"13:30:13","tk":100,"pods":[{"id":"NORA_0003","s":"w","p":[3015,-1039,5726]},{"id":"NORA_0002","s":"w","p":[-1985,-1039,5726]},{"id":"NORA_0001","s":"t","p":[-20878,-4424,7815],"m":"station_thru_dip.hold_loop[12/12]","t":13.8}]}
{"ts":"13:30:14","tk":110,"pods":[{"id":"NORA_0003","s":"w","p":[3015,-1039,5726]},{"id":"NORA_0002","s":"w","p":[-1985,-1039,5726]},{"id":"NORA_0001","s":"t","p":[-24460,-4539,7886],"m":"station_thru_dip.hold_loop[12/12]","t":16.3}]}
{"ts":"13:30:14","tk":120,"pods":[{"id":"NORA_0003","s":"w","p":[3015,-1039,5726]},{"id":"NORA_0002","s":"w","p":[-1985,-1039,5726]},{"id":"NORA_0001","s":"t","p":[-27143,-6198,7886],"m":"station_thru_dip.hold_loop[12/12]","t":18.8}]}
{"ts":"13:30:14","tk":130,"pods":[{"id":"NORA_0003","s":"w","p":[3015,-1039,5726]},{"id":"NORA_0002","s":"w","p":[-1985,-1039,5726]},{"id":"NORA_0001","s":"t","p":[-24637,-8039,7886],"m":"station_thru_dip.hold_loop[12/12]","t":21.4}]}
{"ts":"13:30:15","tk":140,"pods":[{"id":"NORA_0003","s":"t","p":[986,-1039,5726],"m":"station_thru_dip.gw_platform_advance_ps2_to_ps3","t":81.2},{"id":"NORA_0002","s":"w","p":[-1985,-1039,5726]},{"id":"NORA_0001","s":"t","p":[-20339,-8039,7886],"m":"station_thru_dip.hold_loop[12/12]","t":24.4}]}
{"ts":"13:30:15","tk":150,"pods":[{"id":"NORA_0003","s":"w","p":[515,-1039,5726]},{"id":"NORA_0002","s":"w","p":[-1985,-1039,5726]},{"id":"NORA_0001","s":"t","p":[-16430,-8039,7886],"m":"station_thru_dip.hold_loop[12/12]","t":27.2}]}
{"ts":"13:30:16","tk":160,"pods":[{"id":"NORA_0003","s":"w","p":[515,-1039,5726]},{"id":"NORA_0002","s":"w","p":[-1985,-1039,5726]},{"id":"NORA_0001","s":"t","p":[-12835,-8039,7886],"m":"station_thru_dip.hold_loop[12/12]","t":29.7}]}
{"ts":"13:30:16","tk":170,"pods":[{"id":"NORA_0003","s":"w","p":[515,-1039,5726]},{"id":"NORA_0002","s":"w","p":[-1985,-1039,5726]},{"id":"NORA_0001","s":"t","p":[-9240,-8039,7886],"m":"station_thru_dip.hold_loop[12/12]","t":32.3}]}
{"ts":"13:30:17","tk":180,"pods":[{"id":"NORA_0003","s":"w","p":[515,-1039,5726]},{"id":"NORA_0002","s":"w","p":[-1985,-1039,5726]},{"id":"NORA_0001","s":"t","p":[-5644,-8039,7886],"m":"station_thru_dip.hold_loop[12/12]","t":34.8}]}
{"ts":"13:30:17","tk":190,"pods":[{"id":"NORA_0003","s":"w","p":[515,-1039,5726]},{"id":"NORA_0002","s":"w","p":[-1985,-1039,5726]},{"id":"NORA_0001","s":"t","p":[-762,-8039,7886],"m":"station_thru_dip.hold_loop[12/12]","t":38.3}]}
{"ts":"13:30:18","tk":200,"pods":[{"id":"NORA_0003","s":"w","p":[515,-1039,5726]},{"id":"NORA_0002","s":"w","p":[-1985,-1039,5726]},{"id":"NORA_0001","s":"t","p":[2838,-8039,7886],"m":"station_thru_dip.hold_loop[12/12]","t":40.8}]}
{"ts":"13:30:18","tk":210,"pods":[{"id":"NORA_0003","s":"w","p":[515,-1039,5726]},{"id":"NORA_0002","s":"w","p":[-1985,-1039,5726]},{"id":"NORA_0001","s":"t","p":[6428,-8039,7886],"m":"station_thru_dip.hold_loop[12/12]","t":43.4}]}
{"ts":"13:30:19","tk":220,"pods":[{"id":"NORA_0003","s":"w","p":[515,-1039,5726]},{"id":"NORA_0002","s":"w","p":[-1985,-1039,5726]},{"id":"NORA_0001","s":"t","p":[10011,-8039,7886],"m":"station_thru_dip.hold_loop[12/12]","t":45.9}]}
{"ts":"13:30:19","tk":230,"pods":[{"id":"NORA_0003","s":"w","p":[515,-1039,5726]},{"id":"NORA_0002","s":"w","p":[-1985,-1039,5726]},{"id":"NORA_0001","s":"t","p":[14067,-8039,7886],"m":"station_thru_dip.hold_loop[12/12]","t":48.8}]}
{"ts":"13:30:19","tk":240,"pods":[{"id":"NORA_0003","s":"w","p":[515,-1039,5726]},{"id":"NORA_0002","s":"w","p":[-1985,-1039,5726]},{"id":"NORA_0001","s":"t","p":[17661,-8039,7886],"m":"station_thru_dip.hold_loop[12/12]","t":51.3}]}
{"ts":"13:30:20","tk":250,"pods":[{"id":"NORA_0003","s":"w","p":[515,-1039,5726]},{"id":"NORA_0002","s":"w","p":[-1985,-1039,5726]},{"id":"NORA_0001","s":"t","p":[21264,-8039,7886],"m":"station_thru_dip.hold_loop[12/12]","t":53.9}]}
{"ts":"13:30:20","tk":260,"pods":[{"id":"NORA_0003","s":"w","p":[515,-1039,5726]},{"id":"NORA_0002","s":"w","p":[-1985,-1039,5726]},{"id":"NORA_0001","s":"t","p":[24847,-8039,7886],"m":"station_thru_dip.hold_loop[12/12]","t":56.4}]}
{"ts":"13:30:21","tk":270,"pods":[{"id":"NORA_0003","s":"w","p":[515,-1039,5726]},{"id":"NORA_0002","s":"w","p":[-1985,-1039,5726]},{"id":"NORA_0001","s":"t","p":[28907,-8039,7886],"m":"station_thru_dip.hold_loop[12/12]","t":59.3}]}
{"ts":"13:30:21","tk":280,"pods":[{"id":"NORA_0003","s":"w","p":[515,-1039,5726]},{"id":"NORA_0002","s":"w","p":[-1985,-1039,5726]},{"id":"NORA_0001","s":"t","p":[32506,-8039,7886],"m":"station_thru_dip.hold_loop[12/12]","t":61.8}]}
{"ts":"13:30:22","tk":290,"pods":[{"id":"NORA_0003","s":"w","p":[515,-1039,5726]},{"id":"NORA_0002","s":"w","p":[-1985,-1039,5726]},{"id":"NORA_0001","s":"t","p":[36105,-8039,7886],"m":"station_thru_dip.hold_loop[12/12]","t":64.4}]}
{"ts":"13:30:22","tk":300,"pods":[{"id":"NORA_0003","s":"w","p":[515,-1039,5726]},{"id":"NORA_0002","s":"w","p":[-1985,-1039,5726]},{"id":"NORA_0001","s":"t","p":[39695,-8039,7886],"m":"station_thru_dip.hold_loop[12/12]","t":66.9}]}
{"ts":"13:30:23","tk":310,"pods":[{"id":"NORA_0003","s":"w","p":[515,-1039,5726]},{"id":"NORA_0002","s":"w","p":[-1985,-1039,5726]},{"id":"NORA_0001","s":"t","p":[43300,-8039,7886],"m":"station_thru_dip.hold_loop[12/12]","t":69.5}]}
{"ts":"13:30:23","tk":320,"pods":[{"id":"NORA_0003","s":"w","p":[515,-1039,5726]},{"id":"NORA_0002","s":"w","p":[-1985,-1039,5726]},{"id":"NORA_0001","s":"t","p":[44858,-5169,7886],"m":"station_thru_dip.hold_loop[12/12]","t":72.4}]}
{"ts":"13:30:24","tk":330,"pods":[{"id":"NORA_0003","s":"w","p":[515,-1039,5726]},{"id":"NORA_0002","s":"w","p":[-1985,-1039,5726]},{"id":"NORA_0001","s":"t","p":[41452,-4539,7886],"m":"station_thru_dip.hold_loop[12/12]","t":75.0}]}
{"ts":"13:30:24","tk":340,"pods":[{"id":"NORA_0003","s":"w","p":[515,-1039,5726]},{"id":"NORA_0002","s":"w","p":[-1985,-1039,5726]},{"id":"NORA_0001","s":"t","p":[37883,-4539,7886],"m":"station_thru_dip.hold_loop[12/12]","t":77.5}]}
{"ts":"13:30:24","tk":350,"pods":[{"id":"NORA_0003","s":"w","p":[515,-1039,5726]},{"id":"NORA_0002","s":"w","p":[-1985,-1039,5726]},{"id":"NORA_0001","s":"t","p":[34286,-4539,7886],"m":"station_thru_dip.hold_loop[12/12]","t":80.1}]}
{"ts":"13:30:25","tk":360,"pods":[{"id":"NORA_0003","s":"w","p":[515,-1039,5726]},{"id":"NORA_0002","s":"w","p":[-1985,-1039,5726]},{"id":"NORA_0001","s":"t","p":[30324,-4039,7577],"m":"station_thru_dip.hold_loop[12/12]","t":82.9}]}
{"ts":"13:30:25","tk":370,"pods":[{"id":"NORA_0003","s":"w","p":[515,-1039,5726]},{"id":"NORA_0002","s":"w","p":[-1985,-1039,5726]},{"id":"NORA_0001","s":"t","p":[26835,-2950,6905],"m":"station_thru_dip.hold_loop[12/12]","t":85.5}]}
{"ts":"13:30:26","tk":380,"pods":[{"id":"NORA_0003","s":"w","p":[515,-1039,5726]},{"id":"NORA_0002","s":"w","p":[-1985,-1039,5726]},{"id":"NORA_0001","s":"t","p":[23487,-1828,6213],"m":"station_thru_dip.hold_loop[12/12]","t":88.1}]}
{"ts":"13:30:26","tk":390,"pods":[{"id":"NORA_0003","s":"w","p":[515,-1039,5726]},{"id":"NORA_0002","s":"w","p":[-1985,-1039,5726]},{"id":"NORA_0001","s":"t","p":[19998,-1107,5768],"m":"station_thru_dip.hold_loop[12/12]","t":90.6}]}
{"ts":"13:30:27","tk":400,"pods":[{"id":"NORA_0003","s":"w","p":[515,-1039,5726]},{"id":"NORA_0002","s":"w","p":[-1985,-1039,5726]},{"id":"NORA_0001","s":"t","p":[16404,-1039,5726],"m":"station_thru_dip.hold_loop[12/12]","t":93.2}]}
{"ts":"13:30:27","tk":410,"pods":[{"id":"NORA_0003","s":"w","p":[515,-1039,5726]},{"id":"NORA_0002","s":"w","p":[-1985,-1039,5726]},{"id":"NORA_0001","s":"t","p":[12361,-1039,5726],"m":"station_thru_dip.hold_loop[12/12]","t":96.0}]}
{"ts":"13:30:28","tk":420,"pods":[{"id":"NORA_0003","s":"w","p":[515,-1039,5726]},{"id":"NORA_0002","s":"w","p":[-1985,-1039,5726]},{"id":"NORA_0001","s":"t","p":[8766,-1039,5726],"m":"station_thru_dip.hold_loop[12/12]","t":98.6}]}
{"ts":"13:30:28","tk":430,"pods":[{"id":"NORA_0003","s":"w","p":[515,-1039,5726]},{"id":"NORA_0002","s":"w","p":[-1985,-1039,5726]},{"id":"NORA_0001","s":"t","p":[5336,-1039,5726],"m":"station_thru_dip.gw_platform_park_ps2","t":38.1}]}
{"ts":"13:30:29","tk":440,"pods":[{"id":"NORA_0003","s":"w","p":[515,-1039,5726]},{"id":"NORA_0002","s":"w","p":[-1985,-1039,5726]},{"id":"NORA_0001","s":"p","p":[3015,-1039,5726]}]}
{"ts":"13:30:29","tk":450,"pods":[{"id":"NORA_0003","s":"w","p":[515,-1039,5726]},{"id":"NORA_0002","s":"w","p":[-1985,-1039,5726]},{"id":"NORA_0001","s":"p","p":[3015,-1039,5726]}]}
{"ts":"13:30:29","tk":460,"pods":[{"id":"NORA_0003","s":"w","p":[515,-1039,5726]},{"id":"NORA_0002","s":"w","p":[-1985,-1039,5726]},{"id":"NORA_0001","s":"p","p":[3015,-1039,5726]}]}
{"ts":"13:30:30","tk":470,"pods":[{"id":"NORA_0003","s":"w","p":[515,-1039,5726]},{"id":"NORA_0002","s":"w","p":[-1985,-1039,5726]},{"id":"NORA_0001","s":"p","p":[3015,-1039,5726]}]}
{"ts":"13:30:30","tk":480,"pods":[{"id":"NORA_0003","s":"w","p":[515,-1039,5726]},{"id":"NORA_0002","s":"w","p":[-1985,-1039,5726]},{"id":"NORA_0001","s":"p","p":[3015,-1039,5726]}]}
{"ts":"13:30:31","tk":490,"pods":[{"id":"NORA_0003","s":"w","p":[515,-1039,5726]},{"id":"NORA_0002","s":"w","p":[-1985,-1039,5726]},{"id":"NORA_0001","s":"p","p":[3015,-1039,5726]}]}
{"ts":"13:30:33","tk":10,"pods":[{"id":"NORA_0003","s":"w","p":[3015,-1039,5726]},{"id":"NORA_0002","s":"w","p":[515,-1039,5726]},{"id":"NORA_0001","s":"w","p":[-1985,-1039,5726]}]}
{"ts":"13:30:33","tk":20,"pods":[{"id":"NORA_0003","s":"w","p":[3015,-1039,5726]},{"id":"NORA_0002","s":"w","p":[515,-1039,5726]},{"id":"NORA_0001","s":"w","p":[-1985,-1039,5726]}]}
{"ts":"13:30:34","tk":30,"pods":[{"id":"NORA_0003","s":"w","p":[3015,-1039,5726]},{"id":"NORA_0002","s":"w","p":[515,-1039,5726]},{"id":"NORA_0001","s":"w","p":[-1985,-1039,5726]}]}
{"ts":"13:30:34","tk":40,"pods":[{"id":"NORA_0003","s":"w","p":[3015,-1039,5726]},{"id":"NORA_0002","s":"w","p":[515,-1039,5726]},{"id":"NORA_0001","s":"w","p":[-1985,-1039,5726]}]}
{"ts":"13:30:35","tk":50,"pods":[{"id":"NORA_0003","s":"w","p":[3015,-1039,5726]},{"id":"NORA_0002","s":"w","p":[515,-1039,5726]},{"id":"NORA_0001","s":"t","p":[-2691,-1039,5726],"m":"station_thru_dip.hold_loop[12/12]","t":0.5}]}
{"ts":"13:30:35","tk":60,"pods":[{"id":"NORA_0003","s":"w","p":[3015,-1039,5726]},{"id":"NORA_0002","s":"w","p":[515,-1039,5726]},{"id":"NORA_0001","s":"t","p":[-6259,-1129,5781],"m":"station_thru_dip.hold_loop[12/12]","t":3.0}]}
{"ts":"13:30:35","tk":70,"pods":[{"id":"NORA_0003","s":"w","p":[3015,-1039,5726]},{"id":"NORA_0002","s":"w","p":[515,-1039,5726]},{"id":"NORA_0001","s":"t","p":[-9780,-1729,6152],"m":"station_thru_dip.hold_loop[12/12]","t":5.6}]}
{"ts":"13:30:36","tk":80,"pods":[{"id":"NORA_0003","s":"w","p":[3015,-1039,5726]},{"id":"NORA_0002","s":"w","p":[515,-1039,5726]},{"id":"NORA_0001","s":"t","p":[-13204,-2643,6716],"m":"station_thru_dip.hold_loop[12/12]","t":8.1}]}
{"ts":"13:30:36","tk":90,"pods":[{"id":"NORA_0003","s":"w","p":[3015,-1039,5726]},{"id":"NORA_0002","s":"w","p":[515,-1039,5726]},{"id":"NORA_0001","s":"t","p":[-16621,-3599,7306],"m":"station_thru_dip.hold_loop[12/12]","t":10.7}]}
{"ts":"13:30:37","tk":100,"pods":[{"id":"NORA_0003","s":"w","p":[3015,-1039,5726]},{"id":"NORA_0002","s":"w","p":[-1985,-1039,5726]},{"id":"NORA_0001","s":"t","p":[-20964,-4433,7821],"m":"station_thru_dip.hold_loop[12/12]","t":13.8}]}
{"ts":"13:30:37","tk":110,"pods":[{"id":"NORA_0003","s":"w","p":[3015,-1039,5726]},{"id":"NORA_0002","s":"w","p":[-1985,-1039,5726]},{"id":"NORA_0001","s":"t","p":[-24556,-4539,7886],"m":"station_thru_dip.hold_loop[12/12]","t":16.4}]}
{"ts":"13:30:38","tk":120,"pods":[{"id":"NORA_0003","s":"w","p":[3015,-1039,5726]},{"id":"NORA_0002","s":"w","p":[-1985,-1039,5726]},{"id":"NORA_0001","s":"t","p":[-27151,-6280,7886],"m":"station_thru_dip.hold_loop[12/12]","t":18.9}]}
{"ts":"13:30:38","tk":130,"pods":[{"id":"NORA_0003","s":"w","p":[3015,-1039,5726]},{"id":"NORA_0002","s":"w","p":[-1985,-1039,5726]},{"id":"NORA_0001","s":"t","p":[-24554,-8039,7886],"m":"station_thru_dip.hold_loop[12/12]","t":21.4}]}
{"ts":"13:30:39","tk":140,"pods":[{"id":"NORA_0003","s":"t","p":[1938,-1039,5726],"m":"station_thru_dip.gw_platform_advance_ps2_to_ps3","t":43.1},{"id":"NORA_0002","s":"w","p":[-1985,-1039,5726]},{"id":"NORA_0001","s":"t","p":[-20439,-8039,7886],"m":"station_thru_dip.hold_loop[12/12]","t":24.4}]}
{"ts":"13:30:39","tk":150,"pods":[{"id":"NORA_0003","s":"w","p":[515,-1039,5726]},{"id":"NORA_0002","s":"w","p":[-1985,-1039,5726]},{"id":"NORA_0001","s":"t","p":[-16529,-8039,7886],"m":"station_thru_dip.hold_loop[12/12]","t":27.1}]}
{"ts":"13:30:40","tk":160,"pods":[{"id":"NORA_0003","s":"w","p":[515,-1039,5726]},{"id":"NORA_0002","s":"w","p":[-1985,-1039,5726]},{"id":"NORA_0001","s":"t","p":[-12920,-8039,7886],"m":"station_thru_dip.hold_loop[12/12]","t":29.7}]}
{"ts":"13:30:40","tk":170,"pods":[{"id":"NORA_0003","s":"w","p":[515,-1039,5726]},{"id":"NORA_0002","s":"w","p":[-1985,-1039,5726]},{"id":"NORA_0001","s":"t","p":[-9335,-8039,7886],"m":"station_thru_dip.hold_loop[12/12]","t":32.2}]}
{"ts":"13:30:40","tk":180,"pods":[{"id":"NORA_0003","s":"w","p":[515,-1039,5726]},{"id":"NORA_0002","s":"w","p":[-1985,-1039,5726]},{"id":"NORA_0001","s":"t","p":[-5745,-8039,7886],"m":"station_thru_dip.hold_loop[12/12]","t":34.8}]}
{"ts":"13:30:41","tk":190,"pods":[{"id":"NORA_0003","s":"w","p":[515,-1039,5726]},{"id":"NORA_0002","s":"w","p":[-1985,-1039,5726]},{"id":"NORA_0001","s":"t","p":[-1696,-8039,7886],"m":"station_thru_dip.hold_loop[12/12]","t":37.6}]}
{"ts":"13:30:41","tk":200,"pods":[{"id":"NORA_0003","s":"w","p":[515,-1039,5726]},{"id":"NORA_0002","s":"w","p":[-1985,-1039,5726]},{"id":"NORA_0001","s":"t","p":[1906,-8039,7886],"m":"station_thru_dip.hold_loop[12/12]","t":40.2}]}
{"ts":"13:30:42","tk":210,"pods":[{"id":"NORA_0003","s":"w","p":[515,-1039,5726]},{"id":"NORA_0002","s":"w","p":[-1985,-1039,5726]},{"id":"NORA_0001","s":"t","p":[5502,-8039,7886],"m":"station_thru_dip.hold_loop[12/12]","t":42.7}]}
{"ts":"13:30:42","tk":220,"pods":[{"id":"NORA_0003","s":"w","p":[515,-1039,5726]},{"id":"NORA_0002","s":"w","p":[-1985,-1039,5726]},{"id":"NORA_0001","s":"t","p":[9099,-8039,7886],"m":"station_thru_dip.hold_loop[12/12]","t":45.3}]}
{"ts":"13:30:43","tk":230,"pods":[{"id":"NORA_0003","s":"w","p":[515,-1039,5726]},{"id":"NORA_0002","s":"w","p":[-1985,-1039,5726]},{"id":"NORA_0001","s":"t","p":[13180,-8039,7886],"m":"station_thru_dip.hold_loop[12/12]","t":48.2}]}
{"ts":"13:30:43","tk":240,"pods":[{"id":"NORA_0003","s":"w","p":[515,-1039,5726]},{"id":"NORA_0002","s":"w","p":[-1985,-1039,5726]},{"id":"NORA_0001","s":"t","p":[16760,-8039,7886],"m":"station_thru_dip.hold_loop[12/12]","t":50.7}]}
{"ts":"13:30:44","tk":250,"pods":[{"id":"NORA_0003","s":"w","p":[515,-1039,5726]},{"id":"NORA_0002","s":"w","p":[-1985,-1039,5726]},{"id":"NORA_0001","s":"t","p":[20353,-8039,7886],"m":"station_thru_dip.hold_loop[12/12]","t":53.2}]}
{"ts":"13:30:44","tk":260,"pods":[{"id":"NORA_0003","s":"w","p":[515,-1039,5726]},{"id":"NORA_0002","s":"w","p":[-1985,-1039,5726]},{"id":"NORA_0001","s":"t","p":[23917,-8039,7886],"m":"station_thru_dip.hold_loop[12/12]","t":55.8}]}
{"ts":"13:30:44","tk":270,"pods":[{"id":"NORA_0003","s":"w","p":[515,-1039,5726]},{"id":"NORA_0002","s":"w","p":[-1985,-1039,5726]},{"id":"NORA_0001","s":"t","p":[27498,-8039,7886],"m":"station_thru_dip.hold_loop[12/12]","t":58.3}]}
{"ts":"13:30:45","tk":280,"pods":[{"id":"NORA_0003","s":"w","p":[515,-1039,5726]},{"id":"NORA_0002","s":"w","p":[-1985,-1039,5726]},{"id":"NORA_0001","s":"t","p":[31562,-8039,7886],"m":"station_thru_dip.hold_loop[12/12]","t":61.2}]}
{"ts":"13:30:45","tk":290,"pods":[{"id":"NORA_0003","s":"w","p":[515,-1039,5726]},{"id":"NORA_0002","s":"w","p":[-1985,-1039,5726]},{"id":"NORA_0001","s":"t","p":[35142,-8039,7886],"m":"station_thru_dip.hold_loop[12/12]","t":63.7}]}
{"ts":"13:30:46","tk":300,"pods":[{"id":"NORA_0003","s":"w","p":[515,-1039,5726]},{"id":"NORA_0002","s":"w","p":[-1985,-1039,5726]},{"id":"NORA_0001","s":"t","p":[38731,-8039,7886],"m":"station_thru_dip.hold_loop[12/12]","t":66.2}]}
{"ts":"13:30:46","tk":310,"pods":[{"id":"NORA_0003","s":"w","p":[515,-1039,5726]},{"id":"NORA_0002","s":"w","p":[-1985,-1039,5726]},{"id":"NORA_0001","s":"t","p":[42319,-8039,7886],"m":"station_thru_dip.hold_loop[12/12]","t":68.8}]}
{"ts":"13:30:47","tk":320,"pods":[{"id":"NORA_0003","s":"w","p":[515,-1039,5726]},{"id":"NORA_0002","s":"w","p":[-1985,-1039,5726]},{"id":"NORA_0001","s":"t","p":[45262,-6170,7886],"m":"station_thru_dip.hold_loop[12/12]","t":71.7}]}
{"ts":"13:30:47","tk":330,"pods":[{"id":"NORA_0003","s":"w","p":[515,-1039,5726]},{"id":"NORA_0002","s":"w","p":[-1985,-1039,5726]},{"id":"NORA_0001","s":"t","p":[42420,-4539,7886],"m":"station_thru_dip.hold_loop[12/12]","t":74.3}]}
{"ts":"13:30:48","tk":340,"pods":[{"id":"NORA_0003","s":"w","p":[515,-1039,5726]},{"id":"NORA_0002","s":"w","p":[-1985,-1039,5726]},{"id":"NORA_0001","s":"t","p":[38823,-4539,7886],"m":"station_thru_dip.hold_loop[12/12]","t":76.8}]}
{"ts":"13:30:48","tk":350,"pods":[{"id":"NORA_0003","s":"w","p":[515,-1039,5726]},{"id":"NORA_0002","s":"w","p":[-1985,-1039,5726]},{"id":"NORA_0001","s":"t","p":[35247,-4539,7886],"m":"station_thru_dip.hold_loop[12/12]","t":79.4}]}
{"ts":"13:30:48","tk":360,"pods":[{"id":"NORA_0003","s":"w","p":[515,-1039,5726]},{"id":"NORA_0002","s":"w","p":[-1985,-1039,5726]},{"id":"NORA_0001","s":"t","p":[31667,-4322,7752],"m":"station_thru_dip.hold_loop[12/12]","t":81.9}]}
{"ts":"13:30:49","tk":370,"pods":[{"id":"NORA_0003","s":"w","p":[515,-1039,5726]},{"id":"NORA_0002","s":"w","p":[-1985,-1039,5726]},{"id":"NORA_0001","s":"t","p":[27615,-3219,7071],"m":"station_thru_dip.hold_loop[12/12]","t":84.9}]}
{"ts":"13:30:49","tk":380,"pods":[{"id":"NORA_0003","s":"w","p":[515,-1039,5726]},{"id":"NORA_0002","s":"w","p":[-1985,-1039,5726]},{"id":"NORA_0001","s":"t","p":[24286,-2077,6367],"m":"station_thru_dip.hold_loop[12/12]","t":87.5}]}
{"ts":"13:30:50","tk":390,"pods":[{"id":"NORA_0003","s":"w","p":[515,-1039,5726]},{"id":"NORA_0002","s":"w","p":[-1985,-1039,5726]},{"id":"NORA_0001","s":"t","p":[20856,-1215,5834],"m":"station_thru_dip.hold_loop[12/12]","t":90.0}]}
{"ts":"13:30:50","tk":400,"pods":[{"id":"NORA_0003","s":"w","p":[515,-1039,5726]},{"id":"NORA_0002","s":"w","p":[-1985,-1039,5726]},{"id":"NORA_0001","s":"t","p":[17272,-1039,5726],"m":"station_thru_dip.hold_loop[12/12]","t":92.6}]}
{"ts":"13:30:51","tk":410,"pods":[{"id":"NORA_0003","s":"w","p":[515,-1039,5726]},{"id":"NORA_0002","s":"w","p":[-1985,-1039,5726]},{"id":"NORA_0001","s":"t","p":[13162,-1039,5726],"m":"station_thru_dip.hold_loop[12/12]","t":95.5}]}
{"ts":"13:30:51","tk":420,"pods":[{"id":"NORA_0003","s":"w","p":[515,-1039,5726]},{"id":"NORA_0002","s":"w","p":[-1985,-1039,5726]},{"id":"NORA_0001","s":"t","p":[9594,-1039,5726],"m":"station_thru_dip.hold_loop[12/12]","t":98.0}]}
{"ts":"13:30:52","tk":430,"pods":[{"id":"NORA_0003","s":"w","p":[515,-1039,5726]},{"id":"NORA_0002","s":"w","p":[-1985,-1039,5726]},{"id":"NORA_0001","s":"t","p":[6025,-1039,5726],"m":"station_thru_dip.gw_platform_park_ps2","t":19.7}]}
{"ts":"13:30:52","tk":440,"pods":[{"id":"NORA_0003","s":"w","p":[515,-1039,5726]},{"id":"NORA_0002","s":"w","p":[-1985,-1039,5726]},{"id":"NORA_0001","s":"p","p":[3015,-1039,5726]}]}
{"ts":"13:30:53","tk":450,"pods":[{"id":"NORA_0003","s":"w","p":[515,-1039,5726]},{"id":"NORA_0002","s":"w","p":[-1985,-1039,5726]},{"id":"NORA_0001","s":"p","p":[3015,-1039,5726]}]}
{"ts":"13:30:53","tk":460,"pods":[{"id":"NORA_0003","s":"w","p":[515,-1039,5726]},{"id":"NORA_0002","s":"w","p":[-1985,-1039,5726]},{"id":"NORA_0001","s":"p","p":[3015,-1039,5726]}]}
{"ts":"13:30:53","tk":470,"pods":[{"id":"NORA_0003","s":"w","p":[515,-1039,5726]},{"id":"NORA_0002","s":"w","p":[-1985,-1039,5726]},{"id":"NORA_0001","s":"p","p":[3015,-1039,5726]}]}
{"ts":"13:30:54","tk":480,"pods":[{"id":"NORA_0003","s":"w","p":[515,-1039,5726]},{"id":"NORA_0002","s":"w","p":[-1985,-1039,5726]},{"id":"NORA_0001","s":"p","p":[3015,-1039,5726]}]}
